{"C:\\Users\\rayma\\OneDrive\\Documents\\VsCodeWorkSpace\\SeniorProject\\sacramento-311\\lambda\\addressCollectionFlow.js": {"path":"C:\\Users\\rayma\\OneDrive\\Documents\\VsCodeWorkSpace\\SeniorProject\\sacramento-311\\lambda\\addressCollectionFlow.js","statementMap":{"0":{"start":{"line":1,"column":14},"end":{"line":1,"column":37}},"1":{"start":{"line":2,"column":15},"end":{"line":2,"column":53}},"2":{"start":{"line":3,"column":15},"end":{"line":3,"column":51}},"3":{"start":{"line":4,"column":15},"end":{"line":4,"column":58}},"4":{"start":{"line":7,"column":44},"end":{"line":55,"column":1}},"5":{"start":{"line":9,"column":2},"end":{"line":13,"column":4}},"6":{"start":{"line":16,"column":66},"end":{"line":16,"column":78}},"7":{"start":{"line":17,"column":28},"end":{"line":17,"column":68}},"8":{"start":{"line":18,"column":25},"end":{"line":18,"column":80}},"9":{"start":{"line":20,"column":2},"end":{"line":20,"column":60}},"10":{"start":{"line":22,"column":25},"end":{"line":22,"column":208}},"11":{"start":{"line":23,"column":2},"end":{"line":23,"column":69}},"12":{"start":{"line":25,"column":2},"end":{"line":41,"column":3}},"13":{"start":{"line":26,"column":15},"end":{"line":26,"column":43}},"14":{"start":{"line":28,"column":17},"end":{"line":28,"column":34}},"15":{"start":{"line":31,"column":25},"end":{"line":31,"column":61}},"16":{"start":{"line":33,"column":13},"end":{"line":33,"column":64}},"17":{"start":{"line":36,"column":3},"end":{"line":36,"column":55}},"18":{"start":{"line":37,"column":3},"end":{"line":40,"column":19}},"19":{"start":{"line":43,"column":2},"end":{"line":43,"column":62}},"20":{"start":{"line":44,"column":2},"end":{"line":44,"column":60}},"21":{"start":{"line":45,"column":21},"end":{"line":45,"column":121}},"22":{"start":{"line":46,"column":2},"end":{"line":46,"column":55}},"23":{"start":{"line":47,"column":2},"end":{"line":51,"column":18}},"24":{"start":{"line":58,"column":41},"end":{"line":127,"column":1}},"25":{"start":{"line":60,"column":2},"end":{"line":65,"column":4}},"26":{"start":{"line":68,"column":2},"end":{"line":68,"column":41}},"27":{"start":{"line":69,"column":66},"end":{"line":69,"column":78}},"28":{"start":{"line":70,"column":28},"end":{"line":70,"column":68}},"29":{"start":{"line":71,"column":34},"end":{"line":71,"column":87}},"30":{"start":{"line":73,"column":2},"end":{"line":96,"column":3}},"31":{"start":{"line":74,"column":3},"end":{"line":74,"column":41}},"32":{"start":{"line":75,"column":3},"end":{"line":77,"column":4}},"33":{"start":{"line":76,"column":4},"end":{"line":76,"column":67}},"34":{"start":{"line":78,"column":26},"end":{"line":78,"column":160}},"35":{"start":{"line":79,"column":3},"end":{"line":79,"column":70}},"36":{"start":{"line":80,"column":17},"end":{"line":80,"column":45}},"37":{"start":{"line":81,"column":19},"end":{"line":81,"column":36}},"38":{"start":{"line":82,"column":3},"end":{"line":87,"column":4}},"39":{"start":{"line":83,"column":4},"end":{"line":83,"column":83}},"40":{"start":{"line":84,"column":4},"end":{"line":84,"column":38}},"41":{"start":{"line":86,"column":4},"end":{"line":86,"column":48}},"42":{"start":{"line":88,"column":3},"end":{"line":88,"column":39}},"43":{"start":{"line":89,"column":3},"end":{"line":89,"column":69}},"44":{"start":{"line":90,"column":3},"end":{"line":90,"column":52}},"45":{"start":{"line":91,"column":3},"end":{"line":91,"column":61}},"46":{"start":{"line":92,"column":23},"end":{"line":92,"column":91}},"47":{"start":{"line":93,"column":3},"end":{"line":95,"column":18}},"48":{"start":{"line":98,"column":2},"end":{"line":125,"column":3}},"49":{"start":{"line":100,"column":3},"end":{"line":107,"column":4}},"50":{"start":{"line":101,"column":4},"end":{"line":101,"column":42}},"51":{"start":{"line":102,"column":23},"end":{"line":102,"column":133}},"52":{"start":{"line":103,"column":4},"end":{"line":106,"column":20}},"53":{"start":{"line":109,"column":3},"end":{"line":109,"column":39}},"54":{"start":{"line":110,"column":37},"end":{"line":120,"column":4}},"55":{"start":{"line":121,"column":3},"end":{"line":124,"column":19}},"56":{"start":{"line":133,"column":39},"end":{"line":235,"column":1}},"57":{"start":{"line":135,"column":2},"end":{"line":140,"column":3}},"58":{"start":{"line":143,"column":66},"end":{"line":143,"column":78}},"59":{"start":{"line":144,"column":28},"end":{"line":144,"column":68}},"60":{"start":{"line":145,"column":2},"end":{"line":145,"column":40}},"61":{"start":{"line":146,"column":36},"end":{"line":156,"column":3}},"62":{"start":{"line":158,"column":2},"end":{"line":222,"column":3}},"63":{"start":{"line":159,"column":3},"end":{"line":161,"column":4}},"64":{"start":{"line":160,"column":4},"end":{"line":160,"column":104}},"65":{"start":{"line":164,"column":23},"end":{"line":164,"column":27}},"66":{"start":{"line":166,"column":3},"end":{"line":192,"column":4}},"67":{"start":{"line":167,"column":21},"end":{"line":167,"column":61}},"68":{"start":{"line":168,"column":22},"end":{"line":168,"column":63}},"69":{"start":{"line":169,"column":4},"end":{"line":169,"column":69}},"70":{"start":{"line":172,"column":40},"end":{"line":172,"column":83}},"71":{"start":{"line":173,"column":4},"end":{"line":191,"column":5}},"72":{"start":{"line":174,"column":5},"end":{"line":174,"column":60}},"73":{"start":{"line":175,"column":5},"end":{"line":177,"column":21}},"74":{"start":{"line":179,"column":9},"end":{"line":191,"column":5}},"75":{"start":{"line":180,"column":5},"end":{"line":180,"column":59}},"76":{"start":{"line":181,"column":5},"end":{"line":184,"column":21}},"77":{"start":{"line":186,"column":9},"end":{"line":191,"column":5}},"78":{"start":{"line":187,"column":5},"end":{"line":187,"column":56}},"79":{"start":{"line":188,"column":5},"end":{"line":190,"column":21}},"80":{"start":{"line":194,"column":3},"end":{"line":221,"column":4}},"81":{"start":{"line":195,"column":18},"end":{"line":195,"column":47}},"82":{"start":{"line":196,"column":15},"end":{"line":196,"column":41}},"83":{"start":{"line":199,"column":27},"end":{"line":199,"column":79}},"84":{"start":{"line":200,"column":4},"end":{"line":200,"column":71}},"85":{"start":{"line":203,"column":18},"end":{"line":203,"column":46}},"86":{"start":{"line":204,"column":22},"end":{"line":204,"column":39}},"87":{"start":{"line":205,"column":36},"end":{"line":205,"column":83}},"88":{"start":{"line":206,"column":4},"end":{"line":206,"column":84}},"89":{"start":{"line":207,"column":4},"end":{"line":207,"column":62}},"90":{"start":{"line":209,"column":23},"end":{"line":209,"column":123}},"91":{"start":{"line":210,"column":4},"end":{"line":210,"column":57}},"92":{"start":{"line":211,"column":4},"end":{"line":214,"column":19}},"93":{"start":{"line":216,"column":23},"end":{"line":216,"column":143}},"94":{"start":{"line":217,"column":4},"end":{"line":220,"column":20}},"95":{"start":{"line":224,"column":2},"end":{"line":232,"column":3}},"96":{"start":{"line":225,"column":3},"end":{"line":226,"column":104}},"97":{"start":{"line":226,"column":4},"end":{"line":226,"column":104}},"98":{"start":{"line":227,"column":22},"end":{"line":227,"column":88}},"99":{"start":{"line":228,"column":3},"end":{"line":231,"column":19}},"100":{"start":{"line":241,"column":39},"end":{"line":309,"column":1}},"101":{"start":{"line":243,"column":2},"end":{"line":248,"column":3}},"102":{"start":{"line":251,"column":66},"end":{"line":251,"column":78}},"103":{"start":{"line":252,"column":28},"end":{"line":252,"column":68}},"104":{"start":{"line":253,"column":2},"end":{"line":253,"column":40}},"105":{"start":{"line":254,"column":36},"end":{"line":264,"column":3}},"106":{"start":{"line":266,"column":2},"end":{"line":297,"column":3}},"107":{"start":{"line":267,"column":3},"end":{"line":268,"column":104}},"108":{"start":{"line":268,"column":4},"end":{"line":268,"column":104}},"109":{"start":{"line":269,"column":23},"end":{"line":269,"column":123}},"110":{"start":{"line":270,"column":3},"end":{"line":296,"column":4}},"111":{"start":{"line":271,"column":4},"end":{"line":271,"column":62}},"112":{"start":{"line":273,"column":25},"end":{"line":273,"column":214}},"113":{"start":{"line":274,"column":4},"end":{"line":274,"column":71}},"114":{"start":{"line":276,"column":18},"end":{"line":276,"column":46}},"115":{"start":{"line":277,"column":22},"end":{"line":277,"column":39}},"116":{"start":{"line":278,"column":36},"end":{"line":278,"column":100}},"117":{"start":{"line":279,"column":4},"end":{"line":279,"column":84}},"118":{"start":{"line":281,"column":20},"end":{"line":281,"column":51}},"119":{"start":{"line":284,"column":23},"end":{"line":284,"column":129}},"120":{"start":{"line":285,"column":4},"end":{"line":285,"column":57}},"121":{"start":{"line":286,"column":4},"end":{"line":289,"column":19}},"122":{"start":{"line":291,"column":23},"end":{"line":291,"column":132}},"123":{"start":{"line":292,"column":4},"end":{"line":295,"column":20}},"124":{"start":{"line":299,"column":2},"end":{"line":307,"column":3}},"125":{"start":{"line":300,"column":3},"end":{"line":301,"column":105}},"126":{"start":{"line":301,"column":4},"end":{"line":301,"column":105}},"127":{"start":{"line":302,"column":22},"end":{"line":302,"column":88}},"128":{"start":{"line":303,"column":3},"end":{"line":306,"column":19}},"129":{"start":{"line":312,"column":29},"end":{"line":353,"column":1}},"130":{"start":{"line":314,"column":2},"end":{"line":319,"column":4}},"131":{"start":{"line":322,"column":47},"end":{"line":322,"column":59}},"132":{"start":{"line":323,"column":21},"end":{"line":323,"column":56}},"133":{"start":{"line":324,"column":2},"end":{"line":324,"column":41}},"134":{"start":{"line":326,"column":2},"end":{"line":343,"column":3}},"135":{"start":{"line":327,"column":37},"end":{"line":337,"column":4}},"136":{"start":{"line":338,"column":3},"end":{"line":342,"column":19}},"137":{"start":{"line":345,"column":2},"end":{"line":351,"column":3}},"138":{"start":{"line":346,"column":3},"end":{"line":346,"column":52}},"139":{"start":{"line":347,"column":3},"end":{"line":350,"column":19}},"140":{"start":{"line":361,"column":38},"end":{"line":397,"column":1}},"141":{"start":{"line":363,"column":2},"end":{"line":395,"column":3}},"142":{"start":{"line":370,"column":50},"end":{"line":370,"column":62}},"143":{"start":{"line":371,"column":29},"end":{"line":371,"column":69}},"144":{"start":{"line":372,"column":3},"end":{"line":372,"column":38}},"145":{"start":{"line":375,"column":27},"end":{"line":375,"column":104}},"146":{"start":{"line":376,"column":27},"end":{"line":376,"column":104}},"147":{"start":{"line":378,"column":3},"end":{"line":383,"column":4}},"148":{"start":{"line":379,"column":4},"end":{"line":382,"column":5}},"149":{"start":{"line":380,"column":23},"end":{"line":380,"column":58}},"150":{"start":{"line":381,"column":5},"end":{"line":381,"column":59}},"151":{"start":{"line":385,"column":3},"end":{"line":394,"column":4}},"152":{"start":{"line":387,"column":4},"end":{"line":391,"column":5}},"153":{"start":{"line":388,"column":26},"end":{"line":388,"column":63}},"154":{"start":{"line":389,"column":45},"end":{"line":389,"column":75}},"155":{"start":{"line":390,"column":5},"end":{"line":390,"column":66}},"156":{"start":{"line":393,"column":4},"end":{"line":393,"column":62}},"157":{"start":{"line":400,"column":0},"end":{"line":407,"column":1}}},"fnMap":{"0":{"name":"(anonymous_0)","decl":{"start":{"line":8,"column":1},"end":{"line":8,"column":2}},"loc":{"start":{"line":8,"column":25},"end":{"line":14,"column":2}},"line":8},"1":{"name":"(anonymous_1)","decl":{"start":{"line":15,"column":1},"end":{"line":15,"column":2}},"loc":{"start":{"line":15,"column":28},"end":{"line":54,"column":2}},"line":15},"2":{"name":"(anonymous_2)","decl":{"start":{"line":59,"column":1},"end":{"line":59,"column":2}},"loc":{"start":{"line":59,"column":25},"end":{"line":66,"column":2}},"line":59},"3":{"name":"(anonymous_3)","decl":{"start":{"line":67,"column":1},"end":{"line":67,"column":2}},"loc":{"start":{"line":67,"column":28},"end":{"line":126,"column":2}},"line":67},"4":{"name":"(anonymous_4)","decl":{"start":{"line":134,"column":1},"end":{"line":134,"column":2}},"loc":{"start":{"line":134,"column":25},"end":{"line":141,"column":2}},"line":134},"5":{"name":"(anonymous_5)","decl":{"start":{"line":142,"column":1},"end":{"line":142,"column":2}},"loc":{"start":{"line":142,"column":28},"end":{"line":234,"column":2}},"line":142},"6":{"name":"(anonymous_6)","decl":{"start":{"line":242,"column":1},"end":{"line":242,"column":2}},"loc":{"start":{"line":242,"column":25},"end":{"line":249,"column":2}},"line":242},"7":{"name":"(anonymous_7)","decl":{"start":{"line":250,"column":1},"end":{"line":250,"column":2}},"loc":{"start":{"line":250,"column":28},"end":{"line":308,"column":2}},"line":250},"8":{"name":"(anonymous_8)","decl":{"start":{"line":313,"column":1},"end":{"line":313,"column":2}},"loc":{"start":{"line":313,"column":25},"end":{"line":320,"column":2}},"line":313},"9":{"name":"(anonymous_9)","decl":{"start":{"line":321,"column":1},"end":{"line":321,"column":2}},"loc":{"start":{"line":321,"column":22},"end":{"line":352,"column":2}},"line":321},"10":{"name":"(anonymous_10)","decl":{"start":{"line":362,"column":1},"end":{"line":362,"column":2}},"loc":{"start":{"line":362,"column":29},"end":{"line":396,"column":2}},"line":362}},"branchMap":{"0":{"loc":{"start":{"line":10,"column":3},"end":{"line":12,"column":69}},"type":"binary-expr","locations":[{"start":{"line":10,"column":3},"end":{"line":10,"column":73}},{"start":{"line":11,"column":3},"end":{"line":11,"column":84}},{"start":{"line":12,"column":3},"end":{"line":12,"column":69}}],"line":10},"1":{"loc":{"start":{"line":25,"column":2},"end":{"line":41,"column":3}},"type":"if","locations":[{"start":{"line":25,"column":2},"end":{"line":41,"column":3}},{"start":{"line":35,"column":9},"end":{"line":41,"column":3}}],"line":25},"2":{"loc":{"start":{"line":61,"column":3},"end":{"line":64,"column":94}},"type":"binary-expr","locations":[{"start":{"line":61,"column":3},"end":{"line":61,"column":73}},{"start":{"line":62,"column":4},"end":{"line":62,"column":76}},{"start":{"line":63,"column":4},"end":{"line":63,"column":75}},{"start":{"line":64,"column":3},"end":{"line":64,"column":94}}],"line":61},"3":{"loc":{"start":{"line":73,"column":2},"end":{"line":96,"column":3}},"type":"if","locations":[{"start":{"line":73,"column":2},"end":{"line":96,"column":3}},{"start":{},"end":{}}],"line":73},"4":{"loc":{"start":{"line":75,"column":3},"end":{"line":77,"column":4}},"type":"if","locations":[{"start":{"line":75,"column":3},"end":{"line":77,"column":4}},{"start":{},"end":{}}],"line":75},"5":{"loc":{"start":{"line":82,"column":3},"end":{"line":87,"column":4}},"type":"if","locations":[{"start":{"line":82,"column":3},"end":{"line":87,"column":4}},{"start":{"line":85,"column":10},"end":{"line":87,"column":4}}],"line":82},"6":{"loc":{"start":{"line":98,"column":2},"end":{"line":125,"column":3}},"type":"if","locations":[{"start":{"line":98,"column":2},"end":{"line":125,"column":3}},{"start":{},"end":{}}],"line":98},"7":{"loc":{"start":{"line":100,"column":3},"end":{"line":107,"column":4}},"type":"if","locations":[{"start":{"line":100,"column":3},"end":{"line":107,"column":4}},{"start":{},"end":{}}],"line":100},"8":{"loc":{"start":{"line":136,"column":3},"end":{"line":139,"column":92}},"type":"binary-expr","locations":[{"start":{"line":136,"column":3},"end":{"line":136,"column":73}},{"start":{"line":137,"column":4},"end":{"line":137,"column":76}},{"start":{"line":138,"column":4},"end":{"line":138,"column":75}},{"start":{"line":139,"column":3},"end":{"line":139,"column":92}}],"line":136},"9":{"loc":{"start":{"line":158,"column":2},"end":{"line":222,"column":3}},"type":"if","locations":[{"start":{"line":158,"column":2},"end":{"line":222,"column":3}},{"start":{},"end":{}}],"line":158},"10":{"loc":{"start":{"line":159,"column":3},"end":{"line":161,"column":4}},"type":"if","locations":[{"start":{"line":159,"column":3},"end":{"line":161,"column":4}},{"start":{},"end":{}}],"line":159},"11":{"loc":{"start":{"line":166,"column":3},"end":{"line":192,"column":4}},"type":"if","locations":[{"start":{"line":166,"column":3},"end":{"line":192,"column":4}},{"start":{"line":171,"column":8},"end":{"line":192,"column":4}}],"line":166},"12":{"loc":{"start":{"line":173,"column":4},"end":{"line":191,"column":5}},"type":"if","locations":[{"start":{"line":173,"column":4},"end":{"line":191,"column":5}},{"start":{"line":179,"column":9},"end":{"line":191,"column":5}}],"line":173},"13":{"loc":{"start":{"line":179,"column":9},"end":{"line":191,"column":5}},"type":"if","locations":[{"start":{"line":179,"column":9},"end":{"line":191,"column":5}},{"start":{"line":186,"column":9},"end":{"line":191,"column":5}}],"line":179},"14":{"loc":{"start":{"line":186,"column":9},"end":{"line":191,"column":5}},"type":"if","locations":[{"start":{"line":186,"column":9},"end":{"line":191,"column":5}},{"start":{},"end":{}}],"line":186},"15":{"loc":{"start":{"line":194,"column":3},"end":{"line":221,"column":4}},"type":"if","locations":[{"start":{"line":194,"column":3},"end":{"line":221,"column":4}},{"start":{"line":215,"column":10},"end":{"line":221,"column":4}}],"line":194},"16":{"loc":{"start":{"line":224,"column":2},"end":{"line":232,"column":3}},"type":"if","locations":[{"start":{"line":224,"column":2},"end":{"line":232,"column":3}},{"start":{},"end":{}}],"line":224},"17":{"loc":{"start":{"line":225,"column":3},"end":{"line":226,"column":104}},"type":"if","locations":[{"start":{"line":225,"column":3},"end":{"line":226,"column":104}},{"start":{},"end":{}}],"line":225},"18":{"loc":{"start":{"line":244,"column":3},"end":{"line":247,"column":92}},"type":"binary-expr","locations":[{"start":{"line":244,"column":3},"end":{"line":244,"column":73}},{"start":{"line":245,"column":4},"end":{"line":245,"column":76}},{"start":{"line":246,"column":4},"end":{"line":246,"column":75}},{"start":{"line":247,"column":3},"end":{"line":247,"column":92}}],"line":244},"19":{"loc":{"start":{"line":266,"column":2},"end":{"line":297,"column":3}},"type":"if","locations":[{"start":{"line":266,"column":2},"end":{"line":297,"column":3}},{"start":{},"end":{}}],"line":266},"20":{"loc":{"start":{"line":267,"column":3},"end":{"line":268,"column":104}},"type":"if","locations":[{"start":{"line":267,"column":3},"end":{"line":268,"column":104}},{"start":{},"end":{}}],"line":267},"21":{"loc":{"start":{"line":269,"column":23},"end":{"line":269,"column":123}},"type":"cond-expr","locations":[{"start":{"line":269,"column":75},"end":{"line":269,"column":116}},{"start":{"line":269,"column":119},"end":{"line":269,"column":123}}],"line":269},"22":{"loc":{"start":{"line":270,"column":3},"end":{"line":296,"column":4}},"type":"if","locations":[{"start":{"line":270,"column":3},"end":{"line":296,"column":4}},{"start":{"line":290,"column":10},"end":{"line":296,"column":4}}],"line":270},"23":{"loc":{"start":{"line":299,"column":2},"end":{"line":307,"column":3}},"type":"if","locations":[{"start":{"line":299,"column":2},"end":{"line":307,"column":3}},{"start":{},"end":{}}],"line":299},"24":{"loc":{"start":{"line":300,"column":3},"end":{"line":301,"column":105}},"type":"if","locations":[{"start":{"line":300,"column":3},"end":{"line":301,"column":105}},{"start":{},"end":{}}],"line":300},"25":{"loc":{"start":{"line":315,"column":3},"end":{"line":318,"column":95}},"type":"binary-expr","locations":[{"start":{"line":315,"column":3},"end":{"line":315,"column":73}},{"start":{"line":316,"column":4},"end":{"line":316,"column":76}},{"start":{"line":317,"column":4},"end":{"line":317,"column":75}},{"start":{"line":318,"column":3},"end":{"line":318,"column":95}}],"line":315},"26":{"loc":{"start":{"line":326,"column":2},"end":{"line":343,"column":3}},"type":"if","locations":[{"start":{"line":326,"column":2},"end":{"line":343,"column":3}},{"start":{},"end":{}}],"line":326},"27":{"loc":{"start":{"line":345,"column":2},"end":{"line":351,"column":3}},"type":"if","locations":[{"start":{"line":345,"column":2},"end":{"line":351,"column":3}},{"start":{},"end":{}}],"line":345},"28":{"loc":{"start":{"line":363,"column":2},"end":{"line":395,"column":3}},"type":"if","locations":[{"start":{"line":363,"column":2},"end":{"line":395,"column":3}},{"start":{},"end":{}}],"line":363},"29":{"loc":{"start":{"line":363,"column":6},"end":{"line":368,"column":69}},"type":"binary-expr","locations":[{"start":{"line":363,"column":6},"end":{"line":363,"column":67}},{"start":{"line":364,"column":4},"end":{"line":364,"column":77}},{"start":{"line":365,"column":4},"end":{"line":365,"column":85}},{"start":{"line":366,"column":4},"end":{"line":366,"column":93}},{"start":{"line":367,"column":4},"end":{"line":367,"column":93}},{"start":{"line":368,"column":3},"end":{"line":368,"column":69}}],"line":363},"30":{"loc":{"start":{"line":375,"column":27},"end":{"line":375,"column":104}},"type":"binary-expr","locations":[{"start":{"line":375,"column":27},"end":{"line":375,"column":56}},{"start":{"line":375,"column":60},"end":{"line":375,"column":104}}],"line":375},"31":{"loc":{"start":{"line":376,"column":27},"end":{"line":376,"column":104}},"type":"binary-expr","locations":[{"start":{"line":376,"column":27},"end":{"line":376,"column":56}},{"start":{"line":376,"column":60},"end":{"line":376,"column":104}}],"line":376},"32":{"loc":{"start":{"line":378,"column":3},"end":{"line":383,"column":4}},"type":"if","locations":[{"start":{"line":378,"column":3},"end":{"line":383,"column":4}},{"start":{},"end":{}}],"line":378},"33":{"loc":{"start":{"line":379,"column":4},"end":{"line":382,"column":5}},"type":"if","locations":[{"start":{"line":379,"column":4},"end":{"line":382,"column":5}},{"start":{},"end":{}}],"line":379},"34":{"loc":{"start":{"line":385,"column":3},"end":{"line":394,"column":4}},"type":"if","locations":[{"start":{"line":385,"column":3},"end":{"line":394,"column":4}},{"start":{},"end":{}}],"line":385},"35":{"loc":{"start":{"line":387,"column":4},"end":{"line":391,"column":5}},"type":"if","locations":[{"start":{"line":387,"column":4},"end":{"line":391,"column":5}},{"start":{},"end":{}}],"line":387}},"s":{"0":2,"1":2,"2":2,"3":2,"4":2,"5":1,"6":2,"7":2,"8":2,"9":2,"10":2,"11":2,"12":2,"13":1,"14":1,"15":1,"16":1,"17":1,"18":1,"19":1,"20":1,"21":1,"22":1,"23":1,"24":2,"25":2,"26":5,"27":5,"28":5,"29":5,"30":5,"31":3,"32":3,"33":1,"34":2,"35":2,"36":2,"37":2,"38":2,"39":1,"40":1,"41":1,"42":2,"43":2,"44":2,"45":2,"46":2,"47":2,"48":2,"49":2,"50":1,"51":1,"52":1,"53":1,"54":1,"55":1,"56":2,"57":2,"58":9,"59":9,"60":9,"61":9,"62":9,"63":7,"64":2,"65":5,"66":5,"67":2,"68":2,"69":2,"70":3,"71":3,"72":1,"73":1,"74":2,"75":1,"76":1,"77":1,"78":1,"79":1,"80":2,"81":1,"82":1,"83":1,"84":1,"85":1,"86":1,"87":1,"88":1,"89":1,"90":1,"91":1,"92":1,"93":1,"94":1,"95":2,"96":2,"97":1,"98":1,"99":1,"100":2,"101":2,"102":5,"103":5,"104":5,"105":5,"106":5,"107":3,"108":1,"109":2,"110":2,"111":1,"112":1,"113":1,"114":1,"115":1,"116":1,"117":1,"118":1,"119":1,"120":1,"121":1,"122":1,"123":1,"124":2,"125":2,"126":1,"127":1,"128":1,"129":2,"130":3,"131":2,"132":2,"133":2,"134":2,"135":1,"136":1,"137":1,"138":1,"139":1,"140":2,"141":3,"142":3,"143":3,"144":3,"145":3,"146":3,"147":3,"148":1,"149":1,"150":1,"151":3,"152":1,"153":1,"154":1,"155":1,"156":1,"157":2},"f":{"0":1,"1":2,"2":2,"3":5,"4":2,"5":9,"6":2,"7":5,"8":3,"9":2,"10":3},"b":{"0":[1,1,1],"1":[1,1],"2":[2,2,1,2],"3":[3,2],"4":[1,2],"5":[1,1],"6":[2,0],"7":[1,1],"8":[2,2,1,2],"9":[7,2],"10":[2,5],"11":[2,3],"12":[1,2],"13":[1,1],"14":[1,0],"15":[1,1],"16":[2,0],"17":[1,1],"18":[2,2,1,2],"19":[3,2],"20":[1,2],"21":[1,1],"22":[1,1],"23":[2,0],"24":[1,1],"25":[3,3,2,2],"26":[1,1],"27":[1,0],"28":[3,0],"29":[3,3,2,0,0,3],"30":[3,3],"31":[3,3],"32":[1,2],"33":[1,0],"34":[1,2],"35":[1,0]},"_coverageSchema":"1a1c01bbd47fc00a2c39e90264f33305004495a9","hash":"67d73043406063c1ea7b3f3019e11d0aefca394c"}
,"C:\\Users\\rayma\\OneDrive\\Documents\\VsCodeWorkSpace\\SeniorProject\\sacramento-311\\lambda\\phoneNumberCollection.js": {"path":"C:\\Users\\rayma\\OneDrive\\Documents\\VsCodeWorkSpace\\SeniorProject\\sacramento-311\\lambda\\phoneNumberCollection.js","statementMap":{"0":{"start":{"line":1,"column":14},"end":{"line":1,"column":37}},"1":{"start":{"line":2,"column":15},"end":{"line":2,"column":53}},"2":{"start":{"line":8,"column":36},"end":{"line":113,"column":1}},"3":{"start":{"line":10,"column":2},"end":{"line":12,"column":4}},"4":{"start":{"line":15,"column":66},"end":{"line":15,"column":78}},"5":{"start":{"line":16,"column":35},"end":{"line":16,"column":92}},"6":{"start":{"line":17,"column":28},"end":{"line":17,"column":81}},"7":{"start":{"line":20,"column":2},"end":{"line":27,"column":3}},"8":{"start":{"line":21,"column":3},"end":{"line":21,"column":75}},"9":{"start":{"line":22,"column":3},"end":{"line":22,"column":74}},"10":{"start":{"line":23,"column":25},"end":{"line":23,"column":93}},"11":{"start":{"line":24,"column":3},"end":{"line":26,"column":18}},"12":{"start":{"line":30,"column":2},"end":{"line":59,"column":3}},"13":{"start":{"line":33,"column":3},"end":{"line":41,"column":4}},"14":{"start":{"line":34,"column":4},"end":{"line":34,"column":42}},"15":{"start":{"line":35,"column":4},"end":{"line":35,"column":53}},"16":{"start":{"line":36,"column":26},"end":{"line":36,"column":94}},"17":{"start":{"line":37,"column":4},"end":{"line":37,"column":161}},"18":{"start":{"line":38,"column":4},"end":{"line":40,"column":20}},"19":{"start":{"line":44,"column":3},"end":{"line":44,"column":39}},"20":{"start":{"line":45,"column":32},"end":{"line":53,"column":6}},"21":{"start":{"line":55,"column":3},"end":{"line":58,"column":18}},"22":{"start":{"line":62,"column":2},"end":{"line":77,"column":3}},"23":{"start":{"line":63,"column":32},"end":{"line":71,"column":6}},"24":{"start":{"line":72,"column":29},"end":{"line":72,"column":106}},"25":{"start":{"line":73,"column":3},"end":{"line":76,"column":18}},"26":{"start":{"line":83,"column":2},"end":{"line":111,"column":3}},"27":{"start":{"line":85,"column":3},"end":{"line":90,"column":4}},"28":{"start":{"line":86,"column":4},"end":{"line":89,"column":19}},"29":{"start":{"line":93,"column":29},"end":{"line":93,"column":70}},"30":{"start":{"line":94,"column":3},"end":{"line":94,"column":59}},"31":{"start":{"line":95,"column":3},"end":{"line":95,"column":74}},"32":{"start":{"line":96,"column":25},"end":{"line":104,"column":6}},"33":{"start":{"line":106,"column":29},"end":{"line":106,"column":93}},"34":{"start":{"line":107,"column":3},"end":{"line":110,"column":18}},"35":{"start":{"line":116,"column":0},"end":{"line":116,"column":49}}},"fnMap":{"0":{"name":"(anonymous_0)","decl":{"start":{"line":9,"column":1},"end":{"line":9,"column":2}},"loc":{"start":{"line":9,"column":25},"end":{"line":13,"column":2}},"line":9},"1":{"name":"(anonymous_1)","decl":{"start":{"line":14,"column":1},"end":{"line":14,"column":2}},"loc":{"start":{"line":14,"column":28},"end":{"line":112,"column":2}},"line":14}},"branchMap":{"0":{"loc":{"start":{"line":10,"column":10},"end":{"line":11,"column":82}},"type":"binary-expr","locations":[{"start":{"line":10,"column":10},"end":{"line":10,"column":80}},{"start":{"line":11,"column":6},"end":{"line":11,"column":82}}],"line":10},"1":{"loc":{"start":{"line":20,"column":2},"end":{"line":27,"column":3}},"type":"if","locations":[{"start":{"line":20,"column":2},"end":{"line":27,"column":3}},{"start":{},"end":{}}],"line":20},"2":{"loc":{"start":{"line":20,"column":6},"end":{"line":20,"column":99}},"type":"binary-expr","locations":[{"start":{"line":20,"column":6},"end":{"line":20,"column":36}},{"start":{"line":20,"column":40},"end":{"line":20,"column":99}}],"line":20},"3":{"loc":{"start":{"line":30,"column":2},"end":{"line":59,"column":3}},"type":"if","locations":[{"start":{"line":30,"column":2},"end":{"line":59,"column":3}},{"start":{},"end":{}}],"line":30},"4":{"loc":{"start":{"line":30,"column":6},"end":{"line":30,"column":96}},"type":"binary-expr","locations":[{"start":{"line":30,"column":6},"end":{"line":30,"column":36}},{"start":{"line":30,"column":40},"end":{"line":30,"column":96}}],"line":30},"5":{"loc":{"start":{"line":33,"column":3},"end":{"line":41,"column":4}},"type":"if","locations":[{"start":{"line":33,"column":3},"end":{"line":41,"column":4}},{"start":{},"end":{}}],"line":33},"6":{"loc":{"start":{"line":62,"column":2},"end":{"line":77,"column":3}},"type":"if","locations":[{"start":{"line":62,"column":2},"end":{"line":77,"column":3}},{"start":{},"end":{}}],"line":62},"7":{"loc":{"start":{"line":62,"column":6},"end":{"line":62,"column":94}},"type":"binary-expr","locations":[{"start":{"line":62,"column":6},"end":{"line":62,"column":36}},{"start":{"line":62,"column":40},"end":{"line":62,"column":94}}],"line":62},"8":{"loc":{"start":{"line":83,"column":2},"end":{"line":111,"column":3}},"type":"if","locations":[{"start":{"line":83,"column":2},"end":{"line":111,"column":3}},{"start":{},"end":{}}],"line":83},"9":{"loc":{"start":{"line":83,"column":6},"end":{"line":83,"column":77}},"type":"binary-expr","locations":[{"start":{"line":83,"column":6},"end":{"line":83,"column":37}},{"start":{"line":83,"column":41},"end":{"line":83,"column":77}}],"line":83},"10":{"loc":{"start":{"line":85,"column":3},"end":{"line":90,"column":4}},"type":"if","locations":[{"start":{"line":85,"column":3},"end":{"line":90,"column":4}},{"start":{},"end":{}}],"line":85}},"s":{"0":2,"1":2,"2":2,"3":1,"4":6,"5":6,"6":6,"7":6,"8":1,"9":1,"10":1,"11":1,"12":5,"13":2,"14":1,"15":1,"16":1,"17":1,"18":1,"19":1,"20":1,"21":1,"22":3,"23":1,"24":1,"25":1,"26":2,"27":2,"28":1,"29":1,"30":1,"31":1,"32":1,"33":1,"34":1,"35":2},"f":{"0":1,"1":6},"b":{"0":[1,1],"1":[1,5],"2":[6,4],"3":[2,3],"4":[5,3],"5":[1,1],"6":[1,2],"7":[3,1],"8":[2,0],"9":[2,2],"10":[1,1]},"_coverageSchema":"1a1c01bbd47fc00a2c39e90264f33305004495a9","hash":"ac25fbd0bc0b496a82cb4d8a3bfc6ca5a6e73b69"}
,"C:\\Users\\rayma\\OneDrive\\Documents\\VsCodeWorkSpace\\SeniorProject\\sacramento-311\\lambda\\helper\\intentFlags.js": {"path":"C:\\Users\\rayma\\OneDrive\\Documents\\VsCodeWorkSpace\\SeniorProject\\sacramento-311\\lambda\\helper\\intentFlags.js","statementMap":{"0":{"start":{"line":5,"column":20},"end":{"line":34,"column":1}},"1":{"start":{"line":36,"column":0},"end":{"line":36,"column":33}}},"fnMap":{},"branchMap":{},"s":{"0":1,"1":1},"f":{},"b":{},"_coverageSchema":"1a1c01bbd47fc00a2c39e90264f33305004495a9","hash":"7d8aa6c191c453beb2b5028e21be547bd0020895"}
,"C:\\Users\\rayma\\OneDrive\\Documents\\VsCodeWorkSpace\\SeniorProject\\sacramento-311\\lambda\\informationalIntents\\KnowledgeBaseIntent.js": {"path":"C:\\Users\\rayma\\OneDrive\\Documents\\VsCodeWorkSpace\\SeniorProject\\sacramento-311\\lambda\\informationalIntents\\KnowledgeBaseIntent.js","statementMap":{"0":{"start":{"line":1,"column":14},"end":{"line":1,"column":37}},"1":{"start":{"line":5,"column":39},"end":{"line":21,"column":1}},"2":{"start":{"line":7,"column":4},"end":{"line":10,"column":6}},"3":{"start":{"line":13,"column":32},"end":{"line":13,"column":44}},"4":{"start":{"line":16,"column":6},"end":{"line":18,"column":182}},"5":{"start":{"line":19,"column":4},"end":{"line":19,"column":61}},"6":{"start":{"line":23,"column":41},"end":{"line":40,"column":1}},"7":{"start":{"line":25,"column":4},"end":{"line":28,"column":6}},"8":{"start":{"line":31,"column":32},"end":{"line":31,"column":44}},"9":{"start":{"line":34,"column":6},"end":{"line":36,"column":179}},"10":{"start":{"line":38,"column":4},"end":{"line":38,"column":61}},"11":{"start":{"line":42,"column":44},"end":{"line":58,"column":1}},"12":{"start":{"line":44,"column":4},"end":{"line":47,"column":6}},"13":{"start":{"line":50,"column":32},"end":{"line":50,"column":44}},"14":{"start":{"line":53,"column":6},"end":{"line":54,"column":238}},"15":{"start":{"line":56,"column":4},"end":{"line":56,"column":61}},"16":{"start":{"line":60,"column":51},"end":{"line":75,"column":1}},"17":{"start":{"line":62,"column":4},"end":{"line":65,"column":6}},"18":{"start":{"line":68,"column":32},"end":{"line":68,"column":44}},"19":{"start":{"line":71,"column":6},"end":{"line":72,"column":133}},"20":{"start":{"line":73,"column":4},"end":{"line":73,"column":61}},"21":{"start":{"line":78,"column":2},"end":{"line":78,"column":166}}},"fnMap":{"0":{"name":"(anonymous_0)","decl":{"start":{"line":6,"column":2},"end":{"line":6,"column":3}},"loc":{"start":{"line":6,"column":26},"end":{"line":11,"column":3}},"line":6},"1":{"name":"(anonymous_1)","decl":{"start":{"line":12,"column":3},"end":{"line":12,"column":4}},"loc":{"start":{"line":12,"column":24},"end":{"line":20,"column":3}},"line":12},"2":{"name":"(anonymous_2)","decl":{"start":{"line":24,"column":2},"end":{"line":24,"column":3}},"loc":{"start":{"line":24,"column":26},"end":{"line":29,"column":3}},"line":24},"3":{"name":"(anonymous_3)","decl":{"start":{"line":30,"column":2},"end":{"line":30,"column":3}},"loc":{"start":{"line":30,"column":23},"end":{"line":39,"column":3}},"line":30},"4":{"name":"(anonymous_4)","decl":{"start":{"line":43,"column":2},"end":{"line":43,"column":3}},"loc":{"start":{"line":43,"column":26},"end":{"line":48,"column":3}},"line":43},"5":{"name":"(anonymous_5)","decl":{"start":{"line":49,"column":2},"end":{"line":49,"column":3}},"loc":{"start":{"line":49,"column":23},"end":{"line":57,"column":3}},"line":49},"6":{"name":"(anonymous_6)","decl":{"start":{"line":61,"column":2},"end":{"line":61,"column":3}},"loc":{"start":{"line":61,"column":26},"end":{"line":66,"column":3}},"line":61},"7":{"name":"(anonymous_7)","decl":{"start":{"line":67,"column":2},"end":{"line":67,"column":3}},"loc":{"start":{"line":67,"column":23},"end":{"line":74,"column":3}},"line":67}},"branchMap":{"0":{"loc":{"start":{"line":8,"column":6},"end":{"line":9,"column":78}},"type":"binary-expr","locations":[{"start":{"line":8,"column":6},"end":{"line":8,"column":76}},{"start":{"line":9,"column":6},"end":{"line":9,"column":78}}],"line":8},"1":{"loc":{"start":{"line":26,"column":6},"end":{"line":27,"column":80}},"type":"binary-expr","locations":[{"start":{"line":26,"column":6},"end":{"line":26,"column":76}},{"start":{"line":27,"column":6},"end":{"line":27,"column":80}}],"line":26},"2":{"loc":{"start":{"line":45,"column":6},"end":{"line":46,"column":83}},"type":"binary-expr","locations":[{"start":{"line":45,"column":6},"end":{"line":45,"column":76}},{"start":{"line":46,"column":6},"end":{"line":46,"column":83}}],"line":45},"3":{"loc":{"start":{"line":63,"column":6},"end":{"line":64,"column":90}},"type":"binary-expr","locations":[{"start":{"line":63,"column":6},"end":{"line":63,"column":76}},{"start":{"line":64,"column":6},"end":{"line":64,"column":90}}],"line":63}},"s":{"0":2,"1":2,"2":2,"3":1,"4":1,"5":1,"6":2,"7":2,"8":1,"9":1,"10":1,"11":2,"12":2,"13":1,"14":1,"15":1,"16":2,"17":2,"18":1,"19":1,"20":1,"21":2},"f":{"0":2,"1":1,"2":2,"3":1,"4":2,"5":1,"6":2,"7":1},"b":{"0":[2,2],"1":[2,2],"2":[2,2],"3":[2,2]},"_coverageSchema":"1a1c01bbd47fc00a2c39e90264f33305004495a9","hash":"bc640af65efc840f5141fecddbd990b33b33e302"}
,"C:\\Users\\rayma\\OneDrive\\Documents\\VsCodeWorkSpace\\SeniorProject\\sacramento-311\\lambda\\informationalIntents\\checkCaseStatus.js": {"path":"C:\\Users\\rayma\\OneDrive\\Documents\\VsCodeWorkSpace\\SeniorProject\\sacramento-311\\lambda\\informationalIntents\\checkCaseStatus.js","statementMap":{"0":{"start":{"line":1,"column":14},"end":{"line":1,"column":32}},"1":{"start":{"line":2,"column":15},"end":{"line":2,"column":54}},"2":{"start":{"line":9,"column":37},"end":{"line":53,"column":1}},"3":{"start":{"line":11,"column":2},"end":{"line":14,"column":4}},"4":{"start":{"line":17,"column":49},"end":{"line":17,"column":61}},"5":{"start":{"line":18,"column":31},"end":{"line":18,"column":80}},"6":{"start":{"line":19,"column":21},"end":{"line":19,"column":52}},"7":{"start":{"line":21,"column":2},"end":{"line":26,"column":3}},"8":{"start":{"line":22,"column":3},"end":{"line":25,"column":19}},"9":{"start":{"line":30,"column":2},"end":{"line":35,"column":3}},"10":{"start":{"line":31,"column":3},"end":{"line":34,"column":19}},"11":{"start":{"line":37,"column":22},"end":{"line":37,"column":45}},"12":{"start":{"line":38,"column":21},"end":{"line":38,"column":39}},"13":{"start":{"line":39,"column":22},"end":{"line":39,"column":48}},"14":{"start":{"line":41,"column":16},"end":{"line":41,"column":37}},"15":{"start":{"line":42,"column":13},"end":{"line":42,"column":30}},"16":{"start":{"line":43,"column":14},"end":{"line":43,"column":36}},"17":{"start":{"line":44,"column":13},"end":{"line":44,"column":34}},"18":{"start":{"line":45,"column":2},"end":{"line":45,"column":51}},"19":{"start":{"line":47,"column":21},"end":{"line":47,"column":97}},"20":{"start":{"line":48,"column":2},"end":{"line":51,"column":18}},"21":{"start":{"line":56,"column":23},"end":{"line":59,"column":1}},"22":{"start":{"line":61,"column":22},"end":{"line":65,"column":1}},"23":{"start":{"line":67,"column":0},"end":{"line":67,"column":50}}},"fnMap":{"0":{"name":"(anonymous_0)","decl":{"start":{"line":10,"column":1},"end":{"line":10,"column":2}},"loc":{"start":{"line":10,"column":25},"end":{"line":15,"column":2}},"line":10},"1":{"name":"(anonymous_1)","decl":{"start":{"line":16,"column":1},"end":{"line":16,"column":2}},"loc":{"start":{"line":16,"column":28},"end":{"line":52,"column":2}},"line":16}},"branchMap":{"0":{"loc":{"start":{"line":12,"column":3},"end":{"line":13,"column":80}},"type":"binary-expr","locations":[{"start":{"line":12,"column":3},"end":{"line":12,"column":73}},{"start":{"line":13,"column":3},"end":{"line":13,"column":80}}],"line":12},"1":{"loc":{"start":{"line":21,"column":2},"end":{"line":26,"column":3}},"type":"if","locations":[{"start":{"line":21,"column":2},"end":{"line":26,"column":3}},{"start":{},"end":{}}],"line":21},"2":{"loc":{"start":{"line":30,"column":2},"end":{"line":35,"column":3}},"type":"if","locations":[{"start":{"line":30,"column":2},"end":{"line":35,"column":3}},{"start":{},"end":{}}],"line":30}},"s":{"0":2,"1":2,"2":2,"3":1,"4":4,"5":4,"6":4,"7":4,"8":1,"9":3,"10":1,"11":2,"12":2,"13":2,"14":2,"15":2,"16":2,"17":2,"18":2,"19":2,"20":2,"21":2,"22":2,"23":2},"f":{"0":1,"1":4},"b":{"0":[1,1],"1":[1,3],"2":[1,2]},"_coverageSchema":"1a1c01bbd47fc00a2c39e90264f33305004495a9","hash":"ab94220b387d0e77648c17fb8c97357d140b91b5"}
,"C:\\Users\\rayma\\OneDrive\\Documents\\VsCodeWorkSpace\\SeniorProject\\sacramento-311\\lambda\\informationalIntents\\getCouncilDistrict.js": {"path":"C:\\Users\\rayma\\OneDrive\\Documents\\VsCodeWorkSpace\\SeniorProject\\sacramento-311\\lambda\\informationalIntents\\getCouncilDistrict.js","statementMap":{"0":{"start":{"line":1,"column":14},"end":{"line":1,"column":37}},"1":{"start":{"line":2,"column":15},"end":{"line":2,"column":54}},"2":{"start":{"line":3,"column":15},"end":{"line":3,"column":59}},"3":{"start":{"line":4,"column":14},"end":{"line":4,"column":30}},"4":{"start":{"line":7,"column":47},"end":{"line":58,"column":1}},"5":{"start":{"line":9,"column":2},"end":{"line":13,"column":3}},"6":{"start":{"line":16,"column":66},"end":{"line":16,"column":78}},"7":{"start":{"line":17,"column":28},"end":{"line":17,"column":81}},"8":{"start":{"line":18,"column":2},"end":{"line":18,"column":65}},"9":{"start":{"line":20,"column":2},"end":{"line":27,"column":3}},"10":{"start":{"line":21,"column":28},"end":{"line":21,"column":69}},"11":{"start":{"line":22,"column":3},"end":{"line":26,"column":4}},"12":{"start":{"line":23,"column":18},"end":{"line":23,"column":58}},"13":{"start":{"line":24,"column":22},"end":{"line":24,"column":39}},"14":{"start":{"line":25,"column":23},"end":{"line":25,"column":75}},"15":{"start":{"line":30,"column":2},"end":{"line":56,"column":3}},"16":{"start":{"line":31,"column":3},"end":{"line":31,"column":58}},"17":{"start":{"line":32,"column":3},"end":{"line":32,"column":61}},"18":{"start":{"line":33,"column":22},"end":{"line":33,"column":146}},"19":{"start":{"line":34,"column":3},"end":{"line":34,"column":69}},"20":{"start":{"line":35,"column":3},"end":{"line":38,"column":19}},"21":{"start":{"line":40,"column":22},"end":{"line":40,"column":129}},"22":{"start":{"line":41,"column":35},"end":{"line":51,"column":4}},"23":{"start":{"line":52,"column":3},"end":{"line":55,"column":19}},"24":{"start":{"line":60,"column":50},"end":{"line":122,"column":1}},"25":{"start":{"line":62,"column":2},"end":{"line":66,"column":3}},"26":{"start":{"line":69,"column":66},"end":{"line":69,"column":78}},"27":{"start":{"line":70,"column":28},"end":{"line":70,"column":68}},"28":{"start":{"line":71,"column":18},"end":{"line":71,"column":57}},"29":{"start":{"line":72,"column":28},"end":{"line":72,"column":124}},"30":{"start":{"line":75,"column":2},"end":{"line":114,"column":3}},"31":{"start":{"line":76,"column":3},"end":{"line":76,"column":150}},"32":{"start":{"line":79,"column":20},"end":{"line":82,"column":4}},"33":{"start":{"line":84,"column":27},"end":{"line":84,"column":52}},"34":{"start":{"line":85,"column":26},"end":{"line":85,"column":50}},"35":{"start":{"line":87,"column":15},"end":{"line":87,"column":405}},"36":{"start":{"line":89,"column":3},"end":{"line":99,"column":4}},"37":{"start":{"line":90,"column":14},"end":{"line":95,"column":6}},"38":{"start":{"line":96,"column":4},"end":{"line":96,"column":21}},"39":{"start":{"line":98,"column":4},"end":{"line":98,"column":23}},"40":{"start":{"line":100,"column":3},"end":{"line":100,"column":20}},"41":{"start":{"line":101,"column":3},"end":{"line":112,"column":4}},"42":{"start":{"line":102,"column":4},"end":{"line":102,"column":50}},"43":{"start":{"line":103,"column":26},"end":{"line":103,"column":63}},"44":{"start":{"line":103,"column":52},"end":{"line":103,"column":62}},"45":{"start":{"line":104,"column":20},"end":{"line":104,"column":64}},"46":{"start":{"line":105,"column":24},"end":{"line":105,"column":78}},"47":{"start":{"line":106,"column":23},"end":{"line":106,"column":64}},"48":{"start":{"line":107,"column":4},"end":{"line":107,"column":137}},"49":{"start":{"line":110,"column":4},"end":{"line":110,"column":23}},"50":{"start":{"line":111,"column":4},"end":{"line":111,"column":134}},"51":{"start":{"line":115,"column":2},"end":{"line":115,"column":80}},"52":{"start":{"line":116,"column":2},"end":{"line":116,"column":51}},"53":{"start":{"line":117,"column":2},"end":{"line":120,"column":18}},"54":{"start":{"line":125,"column":57},"end":{"line":169,"column":1}},"55":{"start":{"line":127,"column":22},"end":{"line":127,"column":72}},"56":{"start":{"line":128,"column":21},"end":{"line":128,"column":70}},"57":{"start":{"line":129,"column":24},"end":{"line":129,"column":91}},"58":{"start":{"line":130,"column":2},"end":{"line":134,"column":4}},"59":{"start":{"line":137,"column":2},"end":{"line":137,"column":40}},"60":{"start":{"line":138,"column":47},"end":{"line":138,"column":59}},"61":{"start":{"line":140,"column":2},"end":{"line":148,"column":3}},"62":{"start":{"line":141,"column":3},"end":{"line":147,"column":19}},"63":{"start":{"line":150,"column":2},"end":{"line":167,"column":3}},"64":{"start":{"line":151,"column":22},"end":{"line":151,"column":113}},"65":{"start":{"line":152,"column":35},"end":{"line":162,"column":4}},"66":{"start":{"line":163,"column":3},"end":{"line":166,"column":19}},"67":{"start":{"line":172,"column":18},"end":{"line":281,"column":1}},"68":{"start":{"line":283,"column":0},"end":{"line":287,"column":1}}},"fnMap":{"0":{"name":"(anonymous_0)","decl":{"start":{"line":8,"column":1},"end":{"line":8,"column":2}},"loc":{"start":{"line":8,"column":25},"end":{"line":14,"column":2}},"line":8},"1":{"name":"(anonymous_1)","decl":{"start":{"line":15,"column":1},"end":{"line":15,"column":2}},"loc":{"start":{"line":15,"column":28},"end":{"line":57,"column":2}},"line":15},"2":{"name":"(anonymous_2)","decl":{"start":{"line":61,"column":1},"end":{"line":61,"column":2}},"loc":{"start":{"line":61,"column":25},"end":{"line":67,"column":2}},"line":61},"3":{"name":"(anonymous_3)","decl":{"start":{"line":68,"column":1},"end":{"line":68,"column":2}},"loc":{"start":{"line":68,"column":28},"end":{"line":121,"column":2}},"line":68},"4":{"name":"(anonymous_4)","decl":{"start":{"line":103,"column":47},"end":{"line":103,"column":48}},"loc":{"start":{"line":103,"column":52},"end":{"line":103,"column":62}},"line":103},"5":{"name":"(anonymous_5)","decl":{"start":{"line":126,"column":1},"end":{"line":126,"column":2}},"loc":{"start":{"line":126,"column":25},"end":{"line":135,"column":2}},"line":126},"6":{"name":"(anonymous_6)","decl":{"start":{"line":136,"column":1},"end":{"line":136,"column":2}},"loc":{"start":{"line":136,"column":28},"end":{"line":168,"column":2}},"line":136}},"branchMap":{"0":{"loc":{"start":{"line":10,"column":3},"end":{"line":12,"column":67}},"type":"binary-expr","locations":[{"start":{"line":10,"column":3},"end":{"line":10,"column":73}},{"start":{"line":11,"column":3},"end":{"line":11,"column":83}},{"start":{"line":12,"column":3},"end":{"line":12,"column":67}}],"line":10},"1":{"loc":{"start":{"line":20,"column":2},"end":{"line":27,"column":3}},"type":"if","locations":[{"start":{"line":20,"column":2},"end":{"line":27,"column":3}},{"start":{},"end":{}}],"line":20},"2":{"loc":{"start":{"line":22,"column":3},"end":{"line":26,"column":4}},"type":"if","locations":[{"start":{"line":22,"column":3},"end":{"line":26,"column":4}},{"start":{},"end":{}}],"line":22},"3":{"loc":{"start":{"line":30,"column":2},"end":{"line":56,"column":3}},"type":"if","locations":[{"start":{"line":30,"column":2},"end":{"line":56,"column":3}},{"start":{"line":39,"column":9},"end":{"line":56,"column":3}}],"line":30},"4":{"loc":{"start":{"line":30,"column":6},"end":{"line":30,"column":55}},"type":"binary-expr","locations":[{"start":{"line":30,"column":6},"end":{"line":30,"column":18}},{"start":{"line":30,"column":22},"end":{"line":30,"column":55}}],"line":30},"5":{"loc":{"start":{"line":63,"column":3},"end":{"line":65,"column":70}},"type":"binary-expr","locations":[{"start":{"line":63,"column":3},"end":{"line":63,"column":73}},{"start":{"line":64,"column":6},"end":{"line":64,"column":86}},{"start":{"line":65,"column":6},"end":{"line":65,"column":70}}],"line":63},"6":{"loc":{"start":{"line":72,"column":28},"end":{"line":72,"column":124}},"type":"cond-expr","locations":[{"start":{"line":72,"column":75},"end":{"line":72,"column":117}},{"start":{"line":72,"column":120},"end":{"line":72,"column":124}}],"line":72},"7":{"loc":{"start":{"line":75,"column":2},"end":{"line":114,"column":3}},"type":"if","locations":[{"start":{"line":75,"column":2},"end":{"line":114,"column":3}},{"start":{"line":78,"column":7},"end":{"line":114,"column":3}}],"line":75},"8":{"loc":{"start":{"line":75,"column":6},"end":{"line":75,"column":48}},"type":"binary-expr","locations":[{"start":{"line":75,"column":6},"end":{"line":75,"column":26}},{"start":{"line":75,"column":30},"end":{"line":75,"column":48}}],"line":75},"9":{"loc":{"start":{"line":131,"column":3},"end":{"line":133,"column":53}},"type":"binary-expr","locations":[{"start":{"line":131,"column":3},"end":{"line":131,"column":34}},{"start":{"line":132,"column":4},"end":{"line":132,"column":37}},{"start":{"line":132,"column":41},"end":{"line":132,"column":73}},{"start":{"line":133,"column":3},"end":{"line":133,"column":53}}],"line":131},"10":{"loc":{"start":{"line":140,"column":2},"end":{"line":148,"column":3}},"type":"if","locations":[{"start":{"line":140,"column":2},"end":{"line":148,"column":3}},{"start":{},"end":{}}],"line":140},"11":{"loc":{"start":{"line":150,"column":2},"end":{"line":167,"column":3}},"type":"if","locations":[{"start":{"line":150,"column":2},"end":{"line":167,"column":3}},{"start":{},"end":{}}],"line":150}},"s":{"0":2,"1":2,"2":2,"3":2,"4":2,"5":1,"6":4,"7":4,"8":4,"9":4,"10":2,"11":2,"12":2,"13":2,"14":2,"15":4,"16":1,"17":1,"18":1,"19":1,"20":1,"21":3,"22":3,"23":3,"24":2,"25":1,"26":3,"27":3,"28":3,"29":3,"30":3,"31":1,"32":2,"33":2,"34":2,"35":2,"36":2,"37":2,"38":1,"39":1,"40":2,"41":2,"42":2,"43":1,"44":1,"45":1,"46":1,"47":1,"48":1,"49":1,"50":1,"51":3,"52":3,"53":3,"54":2,"55":2,"56":2,"57":2,"58":2,"59":2,"60":2,"61":2,"62":1,"63":1,"64":1,"65":1,"66":1,"67":2,"68":2},"f":{"0":1,"1":4,"2":1,"3":3,"4":1,"5":2,"6":2},"b":{"0":[1,1,1],"1":[2,2],"2":[2,0],"3":[1,3],"4":[4,2],"5":[1,1,1],"6":[2,1],"7":[1,2],"8":[3,2],"9":[2,2,1,2],"10":[1,1],"11":[1,0]},"_coverageSchema":"1a1c01bbd47fc00a2c39e90264f33305004495a9","hash":"44c4a86c038cc0d4a7fc74bd522dbe1b73ce319a"}
,"C:\\Users\\rayma\\OneDrive\\Documents\\VsCodeWorkSpace\\SeniorProject\\sacramento-311\\lambda\\informationalIntents\\getPoliceBeat.js": {"path":"C:\\Users\\rayma\\OneDrive\\Documents\\VsCodeWorkSpace\\SeniorProject\\sacramento-311\\lambda\\informationalIntents\\getPoliceBeat.js","statementMap":{"0":{"start":{"line":1,"column":14},"end":{"line":1,"column":37}},"1":{"start":{"line":2,"column":15},"end":{"line":2,"column":54}},"2":{"start":{"line":3,"column":15},"end":{"line":3,"column":59}},"3":{"start":{"line":4,"column":14},"end":{"line":4,"column":30}},"4":{"start":{"line":7,"column":42},"end":{"line":58,"column":1}},"5":{"start":{"line":9,"column":2},"end":{"line":13,"column":3}},"6":{"start":{"line":16,"column":66},"end":{"line":16,"column":78}},"7":{"start":{"line":17,"column":28},"end":{"line":17,"column":81}},"8":{"start":{"line":18,"column":2},"end":{"line":18,"column":60}},"9":{"start":{"line":20,"column":2},"end":{"line":27,"column":3}},"10":{"start":{"line":21,"column":28},"end":{"line":21,"column":69}},"11":{"start":{"line":22,"column":3},"end":{"line":26,"column":4}},"12":{"start":{"line":23,"column":18},"end":{"line":23,"column":58}},"13":{"start":{"line":24,"column":22},"end":{"line":24,"column":39}},"14":{"start":{"line":25,"column":23},"end":{"line":25,"column":75}},"15":{"start":{"line":30,"column":2},"end":{"line":56,"column":3}},"16":{"start":{"line":31,"column":3},"end":{"line":31,"column":58}},"17":{"start":{"line":32,"column":3},"end":{"line":32,"column":61}},"18":{"start":{"line":33,"column":22},"end":{"line":33,"column":141}},"19":{"start":{"line":34,"column":3},"end":{"line":34,"column":64}},"20":{"start":{"line":35,"column":3},"end":{"line":38,"column":19}},"21":{"start":{"line":40,"column":22},"end":{"line":40,"column":129}},"22":{"start":{"line":41,"column":35},"end":{"line":51,"column":4}},"23":{"start":{"line":52,"column":3},"end":{"line":55,"column":19}},"24":{"start":{"line":60,"column":45},"end":{"line":120,"column":1}},"25":{"start":{"line":62,"column":2},"end":{"line":66,"column":3}},"26":{"start":{"line":69,"column":66},"end":{"line":69,"column":78}},"27":{"start":{"line":70,"column":28},"end":{"line":70,"column":68}},"28":{"start":{"line":71,"column":18},"end":{"line":71,"column":57}},"29":{"start":{"line":72,"column":28},"end":{"line":72,"column":124}},"30":{"start":{"line":75,"column":2},"end":{"line":112,"column":3}},"31":{"start":{"line":76,"column":3},"end":{"line":76,"column":144}},"32":{"start":{"line":79,"column":20},"end":{"line":82,"column":4}},"33":{"start":{"line":84,"column":27},"end":{"line":84,"column":52}},"34":{"start":{"line":85,"column":26},"end":{"line":85,"column":50}},"35":{"start":{"line":87,"column":15},"end":{"line":87,"column":405}},"36":{"start":{"line":89,"column":3},"end":{"line":99,"column":4}},"37":{"start":{"line":90,"column":14},"end":{"line":95,"column":6}},"38":{"start":{"line":96,"column":4},"end":{"line":96,"column":21}},"39":{"start":{"line":98,"column":4},"end":{"line":98,"column":23}},"40":{"start":{"line":100,"column":3},"end":{"line":100,"column":20}},"41":{"start":{"line":101,"column":3},"end":{"line":110,"column":4}},"42":{"start":{"line":102,"column":22},"end":{"line":102,"column":59}},"43":{"start":{"line":102,"column":48},"end":{"line":102,"column":58}},"44":{"start":{"line":103,"column":23},"end":{"line":103,"column":60}},"45":{"start":{"line":104,"column":27},"end":{"line":104,"column":84}},"46":{"start":{"line":105,"column":4},"end":{"line":105,"column":84}},"47":{"start":{"line":108,"column":4},"end":{"line":108,"column":23}},"48":{"start":{"line":109,"column":4},"end":{"line":109,"column":129}},"49":{"start":{"line":113,"column":2},"end":{"line":113,"column":80}},"50":{"start":{"line":114,"column":2},"end":{"line":114,"column":51}},"51":{"start":{"line":115,"column":2},"end":{"line":118,"column":18}},"52":{"start":{"line":123,"column":52},"end":{"line":167,"column":1}},"53":{"start":{"line":125,"column":22},"end":{"line":125,"column":72}},"54":{"start":{"line":126,"column":21},"end":{"line":126,"column":70}},"55":{"start":{"line":127,"column":24},"end":{"line":127,"column":91}},"56":{"start":{"line":128,"column":2},"end":{"line":132,"column":4}},"57":{"start":{"line":135,"column":2},"end":{"line":135,"column":40}},"58":{"start":{"line":136,"column":47},"end":{"line":136,"column":59}},"59":{"start":{"line":138,"column":2},"end":{"line":146,"column":3}},"60":{"start":{"line":139,"column":3},"end":{"line":145,"column":19}},"61":{"start":{"line":148,"column":2},"end":{"line":165,"column":3}},"62":{"start":{"line":149,"column":22},"end":{"line":149,"column":113}},"63":{"start":{"line":150,"column":35},"end":{"line":160,"column":4}},"64":{"start":{"line":161,"column":3},"end":{"line":164,"column":19}},"65":{"start":{"line":170,"column":18},"end":{"line":279,"column":1}},"66":{"start":{"line":281,"column":0},"end":{"line":285,"column":1}}},"fnMap":{"0":{"name":"(anonymous_0)","decl":{"start":{"line":8,"column":1},"end":{"line":8,"column":2}},"loc":{"start":{"line":8,"column":25},"end":{"line":14,"column":2}},"line":8},"1":{"name":"(anonymous_1)","decl":{"start":{"line":15,"column":1},"end":{"line":15,"column":2}},"loc":{"start":{"line":15,"column":28},"end":{"line":57,"column":2}},"line":15},"2":{"name":"(anonymous_2)","decl":{"start":{"line":61,"column":1},"end":{"line":61,"column":2}},"loc":{"start":{"line":61,"column":25},"end":{"line":67,"column":2}},"line":61},"3":{"name":"(anonymous_3)","decl":{"start":{"line":68,"column":1},"end":{"line":68,"column":2}},"loc":{"start":{"line":68,"column":28},"end":{"line":119,"column":2}},"line":68},"4":{"name":"(anonymous_4)","decl":{"start":{"line":102,"column":43},"end":{"line":102,"column":44}},"loc":{"start":{"line":102,"column":48},"end":{"line":102,"column":58}},"line":102},"5":{"name":"(anonymous_5)","decl":{"start":{"line":124,"column":1},"end":{"line":124,"column":2}},"loc":{"start":{"line":124,"column":25},"end":{"line":133,"column":2}},"line":124},"6":{"name":"(anonymous_6)","decl":{"start":{"line":134,"column":1},"end":{"line":134,"column":2}},"loc":{"start":{"line":134,"column":28},"end":{"line":166,"column":2}},"line":134}},"branchMap":{"0":{"loc":{"start":{"line":10,"column":3},"end":{"line":12,"column":67}},"type":"binary-expr","locations":[{"start":{"line":10,"column":3},"end":{"line":10,"column":73}},{"start":{"line":11,"column":3},"end":{"line":11,"column":78}},{"start":{"line":12,"column":3},"end":{"line":12,"column":67}}],"line":10},"1":{"loc":{"start":{"line":20,"column":2},"end":{"line":27,"column":3}},"type":"if","locations":[{"start":{"line":20,"column":2},"end":{"line":27,"column":3}},{"start":{},"end":{}}],"line":20},"2":{"loc":{"start":{"line":22,"column":3},"end":{"line":26,"column":4}},"type":"if","locations":[{"start":{"line":22,"column":3},"end":{"line":26,"column":4}},{"start":{},"end":{}}],"line":22},"3":{"loc":{"start":{"line":30,"column":2},"end":{"line":56,"column":3}},"type":"if","locations":[{"start":{"line":30,"column":2},"end":{"line":56,"column":3}},{"start":{"line":39,"column":9},"end":{"line":56,"column":3}}],"line":30},"4":{"loc":{"start":{"line":30,"column":6},"end":{"line":30,"column":55}},"type":"binary-expr","locations":[{"start":{"line":30,"column":6},"end":{"line":30,"column":18}},{"start":{"line":30,"column":22},"end":{"line":30,"column":55}}],"line":30},"5":{"loc":{"start":{"line":63,"column":3},"end":{"line":65,"column":70}},"type":"binary-expr","locations":[{"start":{"line":63,"column":3},"end":{"line":63,"column":73}},{"start":{"line":64,"column":6},"end":{"line":64,"column":81}},{"start":{"line":65,"column":6},"end":{"line":65,"column":70}}],"line":63},"6":{"loc":{"start":{"line":72,"column":28},"end":{"line":72,"column":124}},"type":"cond-expr","locations":[{"start":{"line":72,"column":75},"end":{"line":72,"column":117}},{"start":{"line":72,"column":120},"end":{"line":72,"column":124}}],"line":72},"7":{"loc":{"start":{"line":75,"column":2},"end":{"line":112,"column":3}},"type":"if","locations":[{"start":{"line":75,"column":2},"end":{"line":112,"column":3}},{"start":{"line":78,"column":7},"end":{"line":112,"column":3}}],"line":75},"8":{"loc":{"start":{"line":75,"column":6},"end":{"line":75,"column":48}},"type":"binary-expr","locations":[{"start":{"line":75,"column":6},"end":{"line":75,"column":26}},{"start":{"line":75,"column":30},"end":{"line":75,"column":48}}],"line":75},"9":{"loc":{"start":{"line":129,"column":3},"end":{"line":131,"column":48}},"type":"binary-expr","locations":[{"start":{"line":129,"column":3},"end":{"line":129,"column":34}},{"start":{"line":130,"column":4},"end":{"line":130,"column":37}},{"start":{"line":130,"column":41},"end":{"line":130,"column":73}},{"start":{"line":131,"column":3},"end":{"line":131,"column":48}}],"line":129},"10":{"loc":{"start":{"line":138,"column":2},"end":{"line":146,"column":3}},"type":"if","locations":[{"start":{"line":138,"column":2},"end":{"line":146,"column":3}},{"start":{},"end":{}}],"line":138},"11":{"loc":{"start":{"line":148,"column":2},"end":{"line":165,"column":3}},"type":"if","locations":[{"start":{"line":148,"column":2},"end":{"line":165,"column":3}},{"start":{},"end":{}}],"line":148}},"s":{"0":2,"1":2,"2":2,"3":2,"4":2,"5":1,"6":4,"7":4,"8":4,"9":4,"10":2,"11":2,"12":2,"13":2,"14":2,"15":4,"16":1,"17":1,"18":1,"19":1,"20":1,"21":3,"22":3,"23":3,"24":2,"25":1,"26":3,"27":3,"28":3,"29":3,"30":3,"31":1,"32":2,"33":2,"34":2,"35":2,"36":2,"37":2,"38":1,"39":1,"40":2,"41":2,"42":2,"43":1,"44":1,"45":1,"46":1,"47":1,"48":1,"49":3,"50":3,"51":3,"52":2,"53":2,"54":2,"55":2,"56":2,"57":2,"58":2,"59":2,"60":1,"61":1,"62":1,"63":1,"64":1,"65":2,"66":2},"f":{"0":1,"1":4,"2":1,"3":3,"4":1,"5":2,"6":2},"b":{"0":[1,1,1],"1":[2,2],"2":[2,0],"3":[1,3],"4":[4,2],"5":[1,1,1],"6":[2,1],"7":[1,2],"8":[3,2],"9":[2,2,1,2],"10":[1,1],"11":[1,0]},"_coverageSchema":"1a1c01bbd47fc00a2c39e90264f33305004495a9","hash":"0f43a0fb2196088b8f981de2c4115984d69140c0"}
,"C:\\Users\\rayma\\OneDrive\\Documents\\VsCodeWorkSpace\\SeniorProject\\sacramento-311\\lambda\\informationalIntents\\trashPickupDay.js": {"path":"C:\\Users\\rayma\\OneDrive\\Documents\\VsCodeWorkSpace\\SeniorProject\\sacramento-311\\lambda\\informationalIntents\\trashPickupDay.js","statementMap":{"0":{"start":{"line":1,"column":14},"end":{"line":1,"column":37}},"1":{"start":{"line":2,"column":15},"end":{"line":2,"column":54}},"2":{"start":{"line":3,"column":15},"end":{"line":3,"column":59}},"3":{"start":{"line":4,"column":14},"end":{"line":4,"column":30}},"4":{"start":{"line":7,"column":43},"end":{"line":58,"column":1}},"5":{"start":{"line":9,"column":8},"end":{"line":13,"column":9}},"6":{"start":{"line":16,"column":66},"end":{"line":16,"column":78}},"7":{"start":{"line":17,"column":28},"end":{"line":17,"column":81}},"8":{"start":{"line":18,"column":2},"end":{"line":18,"column":61}},"9":{"start":{"line":20,"column":2},"end":{"line":29,"column":3}},"10":{"start":{"line":21,"column":28},"end":{"line":21,"column":69}},"11":{"start":{"line":22,"column":3},"end":{"line":28,"column":4}},"12":{"start":{"line":23,"column":18},"end":{"line":23,"column":58}},"13":{"start":{"line":24,"column":22},"end":{"line":24,"column":39}},"14":{"start":{"line":25,"column":4},"end":{"line":25,"column":42}},"15":{"start":{"line":26,"column":4},"end":{"line":26,"column":62}},"16":{"start":{"line":27,"column":23},"end":{"line":27,"column":75}},"17":{"start":{"line":32,"column":2},"end":{"line":56,"column":3}},"18":{"start":{"line":33,"column":3},"end":{"line":33,"column":58}},"19":{"start":{"line":34,"column":3},"end":{"line":34,"column":61}},"20":{"start":{"line":35,"column":22},"end":{"line":35,"column":141}},"21":{"start":{"line":36,"column":3},"end":{"line":36,"column":64}},"22":{"start":{"line":37,"column":3},"end":{"line":40,"column":19}},"23":{"start":{"line":42,"column":22},"end":{"line":42,"column":113}},"24":{"start":{"line":43,"column":35},"end":{"line":51,"column":6}},"25":{"start":{"line":52,"column":3},"end":{"line":55,"column":18}},"26":{"start":{"line":60,"column":46},"end":{"line":170,"column":1}},"27":{"start":{"line":62,"column":2},"end":{"line":66,"column":3}},"28":{"start":{"line":69,"column":49},"end":{"line":69,"column":61}},"29":{"start":{"line":70,"column":28},"end":{"line":70,"column":68}},"30":{"start":{"line":71,"column":18},"end":{"line":71,"column":57}},"31":{"start":{"line":72,"column":28},"end":{"line":72,"column":124}},"32":{"start":{"line":75,"column":2},"end":{"line":83,"column":3}},"33":{"start":{"line":76,"column":22},"end":{"line":76,"column":88}},"34":{"start":{"line":77,"column":3},"end":{"line":77,"column":66}},"35":{"start":{"line":78,"column":3},"end":{"line":78,"column":52}},"36":{"start":{"line":79,"column":3},"end":{"line":82,"column":18}},"37":{"start":{"line":85,"column":18},"end":{"line":85,"column":43}},"38":{"start":{"line":86,"column":20},"end":{"line":86,"column":45}},"39":{"start":{"line":87,"column":2},"end":{"line":87,"column":79}},"40":{"start":{"line":87,"column":54},"end":{"line":87,"column":77}},"41":{"start":{"line":88,"column":29},"end":{"line":88,"column":71}},"42":{"start":{"line":90,"column":2},"end":{"line":154,"column":3}},"43":{"start":{"line":92,"column":3},"end":{"line":100,"column":4}},"44":{"start":{"line":93,"column":23},"end":{"line":93,"column":84}},"45":{"start":{"line":94,"column":4},"end":{"line":94,"column":67}},"46":{"start":{"line":95,"column":4},"end":{"line":95,"column":54}},"47":{"start":{"line":96,"column":4},"end":{"line":99,"column":19}},"48":{"start":{"line":102,"column":20},"end":{"line":102,"column":71}},"49":{"start":{"line":103,"column":15},"end":{"line":103,"column":162}},"50":{"start":{"line":106,"column":3},"end":{"line":122,"column":4}},"51":{"start":{"line":107,"column":4},"end":{"line":112,"column":7}},"52":{"start":{"line":114,"column":4},"end":{"line":121,"column":5}},"53":{"start":{"line":115,"column":5},"end":{"line":115,"column":38}},"54":{"start":{"line":116,"column":5},"end":{"line":116,"column":40}},"55":{"start":{"line":117,"column":5},"end":{"line":117,"column":42}},"56":{"start":{"line":119,"column":5},"end":{"line":119,"column":24}},"57":{"start":{"line":120,"column":5},"end":{"line":120,"column":28}},"58":{"start":{"line":124,"column":22},"end":{"line":130,"column":4}},"59":{"start":{"line":132,"column":22},"end":{"line":132,"column":83}},"60":{"start":{"line":133,"column":22},"end":{"line":133,"column":83}},"61":{"start":{"line":134,"column":24},"end":{"line":134,"column":73}},"62":{"start":{"line":135,"column":3},"end":{"line":135,"column":23}},"63":{"start":{"line":137,"column":29},"end":{"line":137,"column":98}},"64":{"start":{"line":138,"column":29},"end":{"line":138,"column":98}},"65":{"start":{"line":140,"column":3},"end":{"line":152,"column":4}},"66":{"start":{"line":142,"column":4},"end":{"line":144,"column":5}},"67":{"start":{"line":143,"column":5},"end":{"line":143,"column":78}},"68":{"start":{"line":146,"column":4},"end":{"line":148,"column":5}},"69":{"start":{"line":147,"column":5},"end":{"line":147,"column":87}},"70":{"start":{"line":151,"column":4},"end":{"line":151,"column":87}},"71":{"start":{"line":156,"column":2},"end":{"line":161,"column":3}},"72":{"start":{"line":157,"column":18},"end":{"line":157,"column":71}},"73":{"start":{"line":157,"column":56},"end":{"line":157,"column":70}},"74":{"start":{"line":158,"column":22},"end":{"line":158,"column":66}},"75":{"start":{"line":159,"column":23},"end":{"line":159,"column":68}},"76":{"start":{"line":160,"column":3},"end":{"line":160,"column":126}},"77":{"start":{"line":163,"column":2},"end":{"line":163,"column":64}},"78":{"start":{"line":164,"column":2},"end":{"line":164,"column":51}},"79":{"start":{"line":165,"column":2},"end":{"line":168,"column":17}},"80":{"start":{"line":173,"column":52},"end":{"line":215,"column":1}},"81":{"start":{"line":175,"column":22},"end":{"line":175,"column":72}},"82":{"start":{"line":176,"column":21},"end":{"line":176,"column":70}},"83":{"start":{"line":177,"column":24},"end":{"line":177,"column":91}},"84":{"start":{"line":178,"column":2},"end":{"line":182,"column":4}},"85":{"start":{"line":185,"column":2},"end":{"line":185,"column":40}},"86":{"start":{"line":186,"column":66},"end":{"line":186,"column":78}},"87":{"start":{"line":188,"column":2},"end":{"line":196,"column":3}},"88":{"start":{"line":189,"column":3},"end":{"line":195,"column":19}},"89":{"start":{"line":198,"column":2},"end":{"line":213,"column":3}},"90":{"start":{"line":199,"column":22},"end":{"line":199,"column":113}},"91":{"start":{"line":200,"column":35},"end":{"line":208,"column":6}},"92":{"start":{"line":209,"column":3},"end":{"line":212,"column":19}},"93":{"start":{"line":217,"column":23},"end":{"line":219,"column":1}},"94":{"start":{"line":223,"column":0},"end":{"line":227,"column":1}}},"fnMap":{"0":{"name":"(anonymous_0)","decl":{"start":{"line":8,"column":4},"end":{"line":8,"column":5}},"loc":{"start":{"line":8,"column":28},"end":{"line":14,"column":5}},"line":8},"1":{"name":"(anonymous_1)","decl":{"start":{"line":15,"column":4},"end":{"line":15,"column":5}},"loc":{"start":{"line":15,"column":31},"end":{"line":57,"column":5}},"line":15},"2":{"name":"(anonymous_2)","decl":{"start":{"line":61,"column":1},"end":{"line":61,"column":2}},"loc":{"start":{"line":61,"column":25},"end":{"line":67,"column":2}},"line":61},"3":{"name":"(anonymous_3)","decl":{"start":{"line":68,"column":1},"end":{"line":68,"column":2}},"loc":{"start":{"line":68,"column":28},"end":{"line":169,"column":2}},"line":68},"4":{"name":"(anonymous_4)","decl":{"start":{"line":157,"column":47},"end":{"line":157,"column":48}},"loc":{"start":{"line":157,"column":56},"end":{"line":157,"column":70}},"line":157},"5":{"name":"(anonymous_5)","decl":{"start":{"line":174,"column":1},"end":{"line":174,"column":2}},"loc":{"start":{"line":174,"column":25},"end":{"line":183,"column":2}},"line":174},"6":{"name":"(anonymous_6)","decl":{"start":{"line":184,"column":1},"end":{"line":184,"column":2}},"loc":{"start":{"line":184,"column":28},"end":{"line":214,"column":2}},"line":184}},"branchMap":{"0":{"loc":{"start":{"line":10,"column":12},"end":{"line":12,"column":76}},"type":"binary-expr","locations":[{"start":{"line":10,"column":12},"end":{"line":10,"column":82}},{"start":{"line":11,"column":12},"end":{"line":11,"column":88}},{"start":{"line":12,"column":12},"end":{"line":12,"column":76}}],"line":10},"1":{"loc":{"start":{"line":20,"column":2},"end":{"line":29,"column":3}},"type":"if","locations":[{"start":{"line":20,"column":2},"end":{"line":29,"column":3}},{"start":{},"end":{}}],"line":20},"2":{"loc":{"start":{"line":22,"column":3},"end":{"line":28,"column":4}},"type":"if","locations":[{"start":{"line":22,"column":3},"end":{"line":28,"column":4}},{"start":{},"end":{}}],"line":22},"3":{"loc":{"start":{"line":32,"column":2},"end":{"line":56,"column":3}},"type":"if","locations":[{"start":{"line":32,"column":2},"end":{"line":56,"column":3}},{"start":{"line":41,"column":9},"end":{"line":56,"column":3}}],"line":32},"4":{"loc":{"start":{"line":32,"column":6},"end":{"line":32,"column":55}},"type":"binary-expr","locations":[{"start":{"line":32,"column":6},"end":{"line":32,"column":18}},{"start":{"line":32,"column":22},"end":{"line":32,"column":55}}],"line":32},"5":{"loc":{"start":{"line":63,"column":3},"end":{"line":65,"column":70}},"type":"binary-expr","locations":[{"start":{"line":63,"column":3},"end":{"line":63,"column":73}},{"start":{"line":64,"column":6},"end":{"line":64,"column":82}},{"start":{"line":65,"column":6},"end":{"line":65,"column":70}}],"line":63},"6":{"loc":{"start":{"line":72,"column":28},"end":{"line":72,"column":124}},"type":"cond-expr","locations":[{"start":{"line":72,"column":75},"end":{"line":72,"column":117}},{"start":{"line":72,"column":120},"end":{"line":72,"column":124}}],"line":72},"7":{"loc":{"start":{"line":75,"column":2},"end":{"line":83,"column":3}},"type":"if","locations":[{"start":{"line":75,"column":2},"end":{"line":83,"column":3}},{"start":{},"end":{}}],"line":75},"8":{"loc":{"start":{"line":75,"column":5},"end":{"line":75,"column":47}},"type":"binary-expr","locations":[{"start":{"line":75,"column":5},"end":{"line":75,"column":25}},{"start":{"line":75,"column":29},"end":{"line":75,"column":47}}],"line":75},"9":{"loc":{"start":{"line":90,"column":2},"end":{"line":154,"column":3}},"type":"if","locations":[{"start":{"line":90,"column":2},"end":{"line":154,"column":3}},{"start":{},"end":{}}],"line":90},"10":{"loc":{"start":{"line":92,"column":3},"end":{"line":100,"column":4}},"type":"if","locations":[{"start":{"line":92,"column":3},"end":{"line":100,"column":4}},{"start":{},"end":{}}],"line":92},"11":{"loc":{"start":{"line":114,"column":4},"end":{"line":121,"column":5}},"type":"if","locations":[{"start":{"line":114,"column":4},"end":{"line":121,"column":5}},{"start":{"line":118,"column":11},"end":{"line":121,"column":5}}],"line":114},"12":{"loc":{"start":{"line":137,"column":29},"end":{"line":137,"column":98}},"type":"cond-expr","locations":[{"start":{"line":137,"column":69},"end":{"line":137,"column":91}},{"start":{"line":137,"column":94},"end":{"line":137,"column":98}}],"line":137},"13":{"loc":{"start":{"line":138,"column":29},"end":{"line":138,"column":98}},"type":"cond-expr","locations":[{"start":{"line":138,"column":69},"end":{"line":138,"column":91}},{"start":{"line":138,"column":94},"end":{"line":138,"column":98}}],"line":138},"14":{"loc":{"start":{"line":140,"column":3},"end":{"line":152,"column":4}},"type":"if","locations":[{"start":{"line":140,"column":3},"end":{"line":152,"column":4}},{"start":{"line":150,"column":10},"end":{"line":152,"column":4}}],"line":140},"15":{"loc":{"start":{"line":140,"column":7},"end":{"line":140,"column":43}},"type":"binary-expr","locations":[{"start":{"line":140,"column":7},"end":{"line":140,"column":23}},{"start":{"line":140,"column":27},"end":{"line":140,"column":43}}],"line":140},"16":{"loc":{"start":{"line":142,"column":4},"end":{"line":144,"column":5}},"type":"if","locations":[{"start":{"line":142,"column":4},"end":{"line":144,"column":5}},{"start":{},"end":{}}],"line":142},"17":{"loc":{"start":{"line":146,"column":4},"end":{"line":148,"column":5}},"type":"if","locations":[{"start":{"line":146,"column":4},"end":{"line":148,"column":5}},{"start":{},"end":{}}],"line":146},"18":{"loc":{"start":{"line":156,"column":2},"end":{"line":161,"column":3}},"type":"if","locations":[{"start":{"line":156,"column":2},"end":{"line":161,"column":3}},{"start":{},"end":{}}],"line":156},"19":{"loc":{"start":{"line":179,"column":3},"end":{"line":181,"column":48}},"type":"binary-expr","locations":[{"start":{"line":179,"column":3},"end":{"line":179,"column":34}},{"start":{"line":180,"column":4},"end":{"line":180,"column":37}},{"start":{"line":180,"column":41},"end":{"line":180,"column":73}},{"start":{"line":181,"column":3},"end":{"line":181,"column":48}}],"line":179},"20":{"loc":{"start":{"line":188,"column":2},"end":{"line":196,"column":3}},"type":"if","locations":[{"start":{"line":188,"column":2},"end":{"line":196,"column":3}},{"start":{},"end":{}}],"line":188},"21":{"loc":{"start":{"line":198,"column":2},"end":{"line":213,"column":3}},"type":"if","locations":[{"start":{"line":198,"column":2},"end":{"line":213,"column":3}},{"start":{},"end":{}}],"line":198}},"s":{"0":2,"1":2,"2":2,"3":2,"4":2,"5":1,"6":3,"7":3,"8":3,"9":3,"10":2,"11":2,"12":2,"13":2,"14":2,"15":2,"16":2,"17":3,"18":1,"19":1,"20":1,"21":1,"22":1,"23":2,"24":2,"25":2,"26":2,"27":4,"28":5,"29":5,"30":5,"31":5,"32":5,"33":1,"34":1,"35":1,"36":1,"37":4,"38":4,"39":4,"40":16,"41":4,"42":4,"43":3,"44":1,"45":1,"46":1,"47":1,"48":2,"49":2,"50":2,"51":2,"52":0,"53":0,"54":0,"55":0,"56":0,"57":0,"58":2,"59":2,"60":2,"61":2,"62":2,"63":2,"64":2,"65":2,"66":1,"67":1,"68":1,"69":1,"70":1,"71":3,"72":1,"73":0,"74":1,"75":1,"76":1,"77":3,"78":3,"79":3,"80":2,"81":4,"82":4,"83":4,"84":4,"85":2,"86":2,"87":2,"88":1,"89":1,"90":1,"91":1,"92":1,"93":2,"94":2},"f":{"0":1,"1":3,"2":4,"3":5,"4":0,"5":4,"6":2},"b":{"0":[1,1,1],"1":[2,1],"2":[2,0],"3":[1,2],"4":[3,2],"5":[4,3,2],"6":[4,1],"7":[1,4],"8":[5,5],"9":[3,1],"10":[1,2],"11":[0,0],"12":[1,1],"13":[1,1],"14":[1,1],"15":[2,1],"16":[1,0],"17":[1,0],"18":[1,2],"19":[4,4,2,3],"20":[1,1],"21":[1,0]},"_coverageSchema":"1a1c01bbd47fc00a2c39e90264f33305004495a9","hash":"f186f427288643f40191d6a3e1548fc402715b93"}
,"C:\\Users\\rayma\\OneDrive\\Documents\\VsCodeWorkSpace\\SeniorProject\\sacramento-311\\lambda\\serviceRequestIntents\\abandonedVehicle.js": {"path":"C:\\Users\\rayma\\OneDrive\\Documents\\VsCodeWorkSpace\\SeniorProject\\sacramento-311\\lambda\\serviceRequestIntents\\abandonedVehicle.js","statementMap":{"0":{"start":{"line":2,"column":14},"end":{"line":2,"column":37}},"1":{"start":{"line":3,"column":15},"end":{"line":3,"column":54}},"2":{"start":{"line":4,"column":15},"end":{"line":4,"column":59}},"3":{"start":{"line":5,"column":16},"end":{"line":5,"column":43}},"4":{"start":{"line":8,"column":45},"end":{"line":27,"column":1}},"5":{"start":{"line":10,"column":2},"end":{"line":14,"column":3}},"6":{"start":{"line":17,"column":2},"end":{"line":17,"column":64}},"7":{"start":{"line":18,"column":22},"end":{"line":18,"column":70}},"8":{"start":{"line":19,"column":25},"end":{"line":19,"column":69}},"9":{"start":{"line":21,"column":2},"end":{"line":25,"column":18}},"10":{"start":{"line":30,"column":48},"end":{"line":127,"column":1}},"11":{"start":{"line":32,"column":2},"end":{"line":36,"column":3}},"12":{"start":{"line":40,"column":66},"end":{"line":40,"column":78}},"13":{"start":{"line":41,"column":24},"end":{"line":41,"column":54}},"14":{"start":{"line":42,"column":28},"end":{"line":42,"column":68}},"15":{"start":{"line":43,"column":16},"end":{"line":43,"column":35}},"16":{"start":{"line":44,"column":31},"end":{"line":52,"column":5}},"17":{"start":{"line":54,"column":2},"end":{"line":58,"column":3}},"18":{"start":{"line":55,"column":3},"end":{"line":57,"column":19}},"19":{"start":{"line":60,"column":2},"end":{"line":67,"column":3}},"20":{"start":{"line":62,"column":26},"end":{"line":62,"column":268}},"21":{"start":{"line":63,"column":3},"end":{"line":63,"column":70}},"22":{"start":{"line":64,"column":3},"end":{"line":66,"column":19}},"23":{"start":{"line":69,"column":2},"end":{"line":91,"column":5}},"24":{"start":{"line":70,"column":3},"end":{"line":70,"column":89}},"25":{"start":{"line":73,"column":24},"end":{"line":78,"column":4}},"26":{"start":{"line":80,"column":3},"end":{"line":82,"column":6}},"27":{"start":{"line":81,"column":5},"end":{"line":81,"column":32}},"28":{"start":{"line":85,"column":22},"end":{"line":85,"column":166}},"29":{"start":{"line":86,"column":3},"end":{"line":86,"column":62}},"30":{"start":{"line":87,"column":3},"end":{"line":90,"column":20}},"31":{"start":{"line":93,"column":2},"end":{"line":100,"column":3}},"32":{"start":{"line":94,"column":32},"end":{"line":94,"column":37}},"33":{"start":{"line":95,"column":3},"end":{"line":95,"column":67}},"34":{"start":{"line":96,"column":3},"end":{"line":99,"column":19}},"35":{"start":{"line":102,"column":2},"end":{"line":125,"column":3}},"36":{"start":{"line":103,"column":28},"end":{"line":103,"column":106}},"37":{"start":{"line":104,"column":23},"end":{"line":104,"column":25}},"38":{"start":{"line":105,"column":3},"end":{"line":106,"column":32}},"39":{"start":{"line":106,"column":4},"end":{"line":106,"column":32}},"40":{"start":{"line":106,"column":11},"end":{"line":106,"column":32}},"41":{"start":{"line":108,"column":3},"end":{"line":117,"column":4}},"42":{"start":{"line":109,"column":4},"end":{"line":109,"column":69}},"43":{"start":{"line":110,"column":4},"end":{"line":110,"column":25}},"44":{"start":{"line":111,"column":10},"end":{"line":117,"column":4}},"45":{"start":{"line":112,"column":4},"end":{"line":112,"column":54}},"46":{"start":{"line":113,"column":4},"end":{"line":113,"column":26}},"47":{"start":{"line":114,"column":10},"end":{"line":117,"column":4}},"48":{"start":{"line":115,"column":4},"end":{"line":115,"column":54}},"49":{"start":{"line":116,"column":4},"end":{"line":116,"column":26}},"50":{"start":{"line":119,"column":3},"end":{"line":124,"column":19}},"51":{"start":{"line":130,"column":47},"end":{"line":201,"column":1}},"52":{"start":{"line":132,"column":2},"end":{"line":134,"column":71}},"53":{"start":{"line":137,"column":66},"end":{"line":137,"column":78}},"54":{"start":{"line":138,"column":24},"end":{"line":138,"column":54}},"55":{"start":{"line":139,"column":28},"end":{"line":139,"column":68}},"56":{"start":{"line":140,"column":16},"end":{"line":140,"column":35}},"57":{"start":{"line":141,"column":30},"end":{"line":141,"column":49}},"58":{"start":{"line":144,"column":29},"end":{"line":144,"column":86}},"59":{"start":{"line":145,"column":23},"end":{"line":145,"column":74}},"60":{"start":{"line":146,"column":18},"end":{"line":146,"column":65}},"61":{"start":{"line":147,"column":2},"end":{"line":147,"column":79}},"62":{"start":{"line":148,"column":20},"end":{"line":148,"column":24}},"63":{"start":{"line":150,"column":2},"end":{"line":152,"column":3}},"64":{"start":{"line":151,"column":3},"end":{"line":151,"column":56}},"65":{"start":{"line":155,"column":16},"end":{"line":155,"column":44}},"66":{"start":{"line":158,"column":2},"end":{"line":178,"column":3}},"67":{"start":{"line":160,"column":3},"end":{"line":160,"column":39}},"68":{"start":{"line":161,"column":25},"end":{"line":167,"column":4}},"69":{"start":{"line":168,"column":21},"end":{"line":168,"column":38}},"70":{"start":{"line":170,"column":27},"end":{"line":170,"column":140}},"71":{"start":{"line":171,"column":3},"end":{"line":171,"column":128}},"72":{"start":{"line":173,"column":3},"end":{"line":173,"column":52}},"73":{"start":{"line":174,"column":3},"end":{"line":177,"column":19}},"74":{"start":{"line":184,"column":20},"end":{"line":184,"column":37}},"75":{"start":{"line":185,"column":20},"end":{"line":185,"column":126}},"76":{"start":{"line":186,"column":21},"end":{"line":186,"column":148}},"77":{"start":{"line":187,"column":2},"end":{"line":187,"column":25}},"78":{"start":{"line":189,"column":13},"end":{"line":189,"column":69}},"79":{"start":{"line":190,"column":14},"end":{"line":190,"column":71}},"80":{"start":{"line":191,"column":14},"end":{"line":191,"column":71}},"81":{"start":{"line":192,"column":2},"end":{"line":192,"column":141}},"82":{"start":{"line":194,"column":2},"end":{"line":194,"column":88}},"83":{"start":{"line":195,"column":2},"end":{"line":195,"column":51}},"84":{"start":{"line":196,"column":2},"end":{"line":199,"column":17}},"85":{"start":{"line":204,"column":43},"end":{"line":275,"column":1}},"86":{"start":{"line":206,"column":2},"end":{"line":211,"column":4}},"87":{"start":{"line":214,"column":2},"end":{"line":214,"column":40}},"88":{"start":{"line":215,"column":66},"end":{"line":215,"column":78}},"89":{"start":{"line":216,"column":28},"end":{"line":216,"column":81}},"90":{"start":{"line":218,"column":2},"end":{"line":259,"column":3}},"91":{"start":{"line":221,"column":3},"end":{"line":221,"column":64}},"92":{"start":{"line":222,"column":3},"end":{"line":222,"column":61}},"93":{"start":{"line":224,"column":3},"end":{"line":231,"column":4}},"94":{"start":{"line":225,"column":4},"end":{"line":225,"column":55}},"95":{"start":{"line":226,"column":23},"end":{"line":226,"column":119}},"96":{"start":{"line":227,"column":4},"end":{"line":230,"column":20}},"97":{"start":{"line":234,"column":3},"end":{"line":238,"column":4}},"98":{"start":{"line":235,"column":4},"end":{"line":237,"column":19}},"99":{"start":{"line":2
[...]
e":52,"column":6}},"20":{"start":{"line":53,"column":3},"end":{"line":56,"column":19}},"21":{"start":{"line":59,"column":3},"end":{"line":59,"column":52}},"22":{"start":{"line":60,"column":3},"end":{"line":63,"column":19}},"23":{"start":{"line":68,"column":49},"end":{"line":112,"column":1}},"24":{"start":{"line":70,"column":8},"end":{"line":74,"column":9}},"25":{"start":{"line":77,"column":72},"end":{"line":77,"column":84}},"26":{"start":{"line":78,"column":28},"end":{"line":78,"column":68}},"27":{"start":{"line":79,"column":2},"end":{"line":79,"column":41}},"28":{"start":{"line":81,"column":31},"end":{"line":89,"column":5}},"29":{"start":{"line":91,"column":2},"end":{"line":95,"column":3}},"30":{"start":{"line":92,"column":3},"end":{"line":94,"column":19}},"31":{"start":{"line":97,"column":2},"end":{"line":104,"column":3}},"32":{"start":{"line":98,"column":3},"end":{"line":98,"column":59}},"33":{"start":{"line":99,"column":14},"end":{"line":99,"column":87}},"34":{"start":{"line":100,"column":3},"end":{"line":103,"column":19}},"35":{"start":{"line":106,"column":2},"end":{"line":106,"column":72}},"36":{"start":{"line":107,"column":2},"end":{"line":110,"column":27}},"37":{"start":{"line":114,"column":57},"end":{"line":143,"column":1}},"38":{"start":{"line":116,"column":2},"end":{"line":121,"column":4}},"39":{"start":{"line":124,"column":2},"end":{"line":124,"column":41}},"40":{"start":{"line":125,"column":66},"end":{"line":125,"column":78}},"41":{"start":{"line":126,"column":28},"end":{"line":126,"column":81}},"42":{"start":{"line":128,"column":2},"end":{"line":141,"column":3}},"43":{"start":{"line":129,"column":3},"end":{"line":133,"column":19}},"44":{"start":{"line":136,"column":3},"end":{"line":136,"column":52}},"45":{"start":{"line":137,"column":3},"end":{"line":140,"column":19}},"46":{"start":{"line":145,"column":52},"end":{"line":181,"column":1}},"47":{"start":{"line":147,"column":2},"end":{"line":152,"column":4}},"48":{"start":{"line":155,"column":2},"end":{"line":155,"column":41}},"49":{"start":{"line":156,"column":66},"end":{"line":156,"column":78}},"50":{"start":{"line":157,"column":28},"end":{"line":157,"column":68}},"51":{"start":{"line":159,"column":22},"end":{"line":159,"column":50}},"52":{"start":{"line":160,"column":26},"end":{"line":160,"column":43}},"53":{"start":{"line":161,"column":22},"end":{"line":161,"column":69}},"54":{"start":{"line":162,"column":30},"end":{"line":164,"column":3}},"55":{"start":{"line":166,"column":2},"end":{"line":170,"column":3}},"56":{"start":{"line":167,"column":21},"end":{"line":167,"column":59}},"57":{"start":{"line":169,"column":21},"end":{"line":169,"column":25}},"58":{"start":{"line":172,"column":31},"end":{"line":172,"column":144}},"59":{"start":{"line":173,"column":31},"end":{"line":173,"column":154}},"60":{"start":{"line":174,"column":8},"end":{"line":174,"column":42}},"61":{"start":{"line":175,"column":8},"end":{"line":175,"column":57}},"62":{"start":{"line":176,"column":2},"end":{"line":179,"column":21}},"63":{"start":{"line":183,"column":0},"end":{"line":189,"column":1}}},"fnMap":{"0":{"name":"(anonymous_0)","decl":{"start":{"line":6,"column":4},"end":{"line":6,"column":5}},"loc":{"start":{"line":6,"column":28},"end":{"line":12,"column":5}},"line":6},"1":{"name":"(anonymous_1)","decl":{"start":{"line":13,"column":1},"end":{"line":13,"column":2}},"loc":{"start":{"line":13,"column":28},"end":{"line":25,"column":2}},"line":13},"2":{"name":"(anonymous_2)","decl":{"start":{"line":29,"column":4},"end":{"line":29,"column":5}},"loc":{"start":{"line":29,"column":28},"end":{"line":36,"column":5}},"line":29},"3":{"name":"(anonymous_3)","decl":{"start":{"line":37,"column":4},"end":{"line":37,"column":5}},"loc":{"start":{"line":37,"column":31},"end":{"line":65,"column":5}},"line":37},"4":{"name":"(anonymous_4)","decl":{"start":{"line":69,"column":4},"end":{"line":69,"column":5}},"loc":{"start":{"line":69,"column":28},"end":{"line":75,"column":5}},"line":69},"5":{"name":"(anonymous_5)","decl":{"start":{"line":76,"column":4},"end":{"line":76,"column":5}},"loc":{"start":{"line":76,"column":31},"end":{"line":111,"column":5}},"line":76},"6":{"name":"(anonymous_6)","decl":{"start":{"line":115,"column":1},"end":{"line":115,"column":2}},"loc":{"start":{"line":115,"column":25},"end":{"line":122,"column":2}},"line":115},"7":{"name":"(anonymous_7)","decl":{"start":{"line":123,"column":1},"end":{"line":123,"column":2}},"loc":{"start":{"line":123,"column":22},"end":{"line":142,"column":2}},"line":123},"8":{"name":"(anonymous_8)","decl":{"start":{"line":146,"column":1},"end":{"line":146,"column":2}},"loc":{"start":{"line":146,"column":25},"end":{"line":153,"column":2}},"line":146},"9":{"name":"(anonymous_9)","decl":{"start":{"line":154,"column":1},"end":{"line":154,"column":2}},"loc":{"start":{"line":154,"column":28},"end":{"line":180,"column":2}},"line":154}},"branchMap":{"0":{"loc":{"start":{"line":8,"column":12},"end":{"line":10,"column":76}},"type":"binary-expr","locations":[{"start":{"line":8,"column":12},"end":{"line":8,"column":82}},{"start":{"line":9,"column":12},"end":{"line":9,"column":91}},{"start":{"line":10,"column":12},"end":{"line":10,"column":76}}],"line":8},"1":{"loc":{"start":{"line":31,"column":12},"end":{"line":34,"column":98}},"type":"binary-expr","locations":[{"start":{"line":31,"column":12},"end":{"line":31,"column":82}},{"start":{"line":32,"column":13},"end":{"line":32,"column":85}},{"start":{"line":33,"column":4},"end":{"line":33,"column":75}},{"start":{"line":34,"column":4},"end":{"line":34,"column":98}}],"line":31},"2":{"loc":{"start":{"line":43,"column":2},"end":{"line":64,"column":3}},"type":"if","locations":[{"start":{"line":43,"column":2},"end":{"line":64,"column":3}},{"start":{"line":58,"column":7},"end":{"line":64,"column":3}}],"line":43},"3":{"loc":{"start":{"line":71,"column":12},"end":{"line":73,"column":74}},"type":"binary-expr","locations":[{"start":{"line":71,"column":12},"end":{"line":71,"column":82}},{"start":{"line":72,"column":6},"end":{"line":72,"column":85}},{"start":{"line":73,"column":6},"end":{"line":73,"column":74}}],"line":71},"4":{"loc":{"start":{"line":91,"column":2},"end":{"line":95,"column":3}},"type":"if","locations":[{"start":{"line":91,"column":2},"end":{"line":95,"column":3}},{"start":{},"end":{}}],"line":91},"5":{"loc":{"start":{"line":97,"column":2},"end":{"line":104,"column":3}},"type":"if","locations":[{"start":{"line":97,"column":2},"end":{"line":104,"column":3}},{"start":{},"end":{}}],"line":97},"6":{"loc":{"start":{"line":117,"column":3},"end":{"line":120,"column":111}},"type":"binary-expr","locations":[{"start":{"line":117,"column":3},"end":{"line":117,"column":73}},{"start":{"line":118,"column":4},"end":{"line":118,"column":76}},{"start":{"line":119,"column":4},"end":{"line":119,"column":75}},{"start":{"line":120,"column":3},"end":{"line":120,"column":111}}],"line":117},"7":{"loc":{"start":{"line":128,"column":2},"end":{"line":141,"column":3}},"type":"if","locations":[{"start":{"line":128,"column":2},"end":{"line":141,"column":3}},{"start":{"line":135,"column":7},"end":{"line":141,"column":3}}],"line":128},"8":{"loc":{"start":{"line":148,"column":3},"end":{"line":151,"column":106}},"type":"binary-expr","locations":[{"start":{"line":148,"column":3},"end":{"line":148,"column":73}},{"start":{"line":149,"column":4},"end":{"line":149,"column":76}},{"start":{"line":150,"column":4},"end":{"line":150,"column":75}},{"start":{"line":151,"column":12},"end":{"line":151,"column":106}}],"line":148},"9":{"loc":{"start":{"line":166,"column":2},"end":{"line":170,"column":3}},"type":"if","locations":[{"start":{"line":166,"column":2},"end":{"line":170,"column":3}},{"start":{"line":168,"column":9},"end":{"line":170,"column":3}}],"line":166},"10":{"loc":{"start":{"line":166,"column":6},"end":{"line":166,"column":99}},"type":"binary-expr","locations":[{"start":{"line":166,"column":6},"end":{"line":166,"column":44}},{"start":{"line":166,"column":48},"end":{"line":166,"column":99}}],"line":166}},"s":{"0":1,"1":1,"2":1,"3":1,"4":1,"5":1,"6":1,"7":1,"8":1,"9":1,"10":1,"11":1,"12":1,"13":2,"14":2,"15":2,"16":2,"17":2,"18":2,"19":1,"20":1,"21":1,"22":1,"23":1,"24":1,"25":3,"26":3,"27":3,"28":3,"29":3,"30":1,"31":2,"32":1,"33":1,"34":1,"35":1,"36":1,"37":1,"38":2,"39":2,"40":2,"41":2,"42":2,"43":1,"44":1,"45":1,"46":1,"47":2,"48":3,"49":3,"50":3,"51":3,"52":3,"53":3,"54":3,"55":3,"56":1,"57":2,"58":3,"59":3,"60":3,"61":3,"62":3,"63":1},"f":{"0":1,"1":1,"2":2,"3":2,"4":1,"5":3,"6":2,"7":2,"8":2,"9":3},"b":{"0":[1,1,1],"1":[2,2,1,2],"2":[1,1],"3":[1,1,1],"4":[1,2],"5":[1,1],"6":[2,2,1,2],"7":[1,1],"8":[2,2,1,2],"9":[1,2],"10":[3,2]},"_coverageSchema":"1a1c01bbd47fc00a2c39e90264f33305004495a9","hash":"8b2c89c26f374ff8fe9409cdd4c6440d25dca69a"}
,"C:\\Users\\rayma\\OneDrive\\Documents\\VsCodeWorkSpace\\SeniorProject\\sacramento-311\\lambda\\serviceRequestIntents\\foundLostDog.js": {"path":"C:\\Users\\rayma\\OneDrive\\Documents\\VsCodeWorkSpace\\SeniorProject\\sacramento-311\\lambda\\serviceRequestIntents\\foundLostDog.js","statementMap":{"0":{"start":{"line":24,"column":14},"end":{"line":24,"column":37}},"1":{"start":{"line":25,"column":15},"end":{"line":25,"column":54}},"2":{"start":{"line":26,"column":15},"end":{"line":26,"column":59}},"3":{"start":{"line":28,"column":41},"end":{"line":49,"column":1}},"4":{"start":{"line":30,"column":8},"end":{"line":34,"column":9}},"5":{"start":{"line":37,"column":66},"end":{"line":37,"column":78}},"6":{"start":{"line":38,"column":28},"end":{"line":38,"column":81}},"7":{"start":{"line":39,"column":2},"end":{"line":39,"column":59}},"8":{"start":{"line":40,"column":2},"end":{"line":40,"column":60}},"9":{"start":{"line":41,"column":2},"end":{"line":41,"column":41}},"10":{"start":{"line":42,"column":2},"end":{"line":42,"column":54}},"11":{"start":{"line":44,"column":2},"end":{"line":47,"column":18}},"12":{"start":{"line":51,"column":44},"end":{"line":89,"column":1}},"13":{"start":{"line":53,"column":8},"end":{"line":58,"column":9}},"14":{"start":{"line":61,"column":66},"end":{"line":61,"column":78}},"15":{"start":{"line":62,"column":28},"end":{"line":62,"column":81}},"16":{"start":{"line":63,"column":2},"end":{"line":63,"column":60}},"17":{"start":{"line":64,"column":2},"end":{"line":64,"column":41}},"18":{"start":{"line":66,"column":2},"end":{"line":87,"column":3}},"19":{"start":{"line":67,"column":35},"end":{"line":75,"column":6}},"20":{"start":{"line":76,"column":3},"end":{"line":79,"column":19}},"21":{"start":{"line":82,"column":3},"end":{"line":82,"column":52}},"22":{"start":{"line":83,"column":3},"end":{"line":86,"column":19}},"23":{"start":{"line":91,"column":44},"end":{"line":147,"column":1}},"24":{"start":{"line":93,"column":8},"end":{"line":97,"column":9}},"25":{"start":{"line":100,"column":72},"end":{"line":100,"column":84}},"26":{"start":{"line":101,"column":28},"end":{"line":101,"column":68}},"27":{"start":{"line":102,"column":2},"end":{"line":102,"column":41}},"28":{"start":{"line":104,"column":31},"end":{"line":112,"column":5}},"29":{"start":{"line":114,"column":2},"end":{"line":118,"column":3}},"30":{"start":{"line":115,"column":3},"end":{"line":117,"column":19}},"31":{"start":{"line":120,"column":2},"end":{"line":127,"column":3}},"32":{"start":{"line":121,"column":3},"end":{"line":121,"column":55}},"33":{"start":{"line":122,"column":14},"end":{"line":122,"column":82}},"34":{"start":{"line":123,"column":3},"end":{"line":126,"column":19}},"35":{"start":{"line":129,"column":27},"end":{"line":129,"column":228}},"36":{"start":{"line":130,"column":2},"end":{"line":130,"column":214}},"37":{"start":{"line":131,"column":2},"end":{"line":131,"column":203}},"38":{"start":{"line":132,"column":2},"end":{"line":132,"column":159}},"39":{"start":{"line":133,"column":2},"end":{"line":133,"column":102}},"40":{"start":{"line":134,"column":2},"end":{"line":134,"column":122}},"41":{"start":{"line":135,"column":2},"end":{"line":135,"column":230}},"42":{"start":{"line":136,"column":2},"end":{"line":136,"column":223}},"43":{"start":{"line":137,"column":2},"end":{"line":137,"column":168}},"44":{"start":{"line":138,"column":2},"end":{"line":138,"column":150}},"45":{"start":{"line":139,"column":2},"end":{"line":139,"column":67}},"46":{"start":{"line":141,"column":2},"end":{"line":144,"column":27}},"47":{"start":{"line":149,"column":52},"end":{"line":178,"column":1}},"48":{"start":{"line":151,"column":2},"end":{"line":156,"column":4}},"49":{"start":{"line":159,"column":2},"end":{"line":159,"column":41}},"50":{"start":{"line":160,"column":66},"end":{"line":160,"column":78}},"51":{"start":{"line":161,"column":28},"end":{"line":161,"column":81}},"52":{"start":{"line":163,"column":2},"end":{"line":176,"column":3}},"53":{"start":{"line":164,"column":3},"end":{"line":168,"column":19}},"54":{"start":{"line":171,"column":3},"end":{"line":171,"column":52}},"55":{"start":{"line":172,"column":3},"end":{"line":175,"column":19}},"56":{"start":{"line":180,"column":47},"end":{"line":216,"column":1}},"57":{"start":{"line":182,"column":2},"end":{"line":187,"column":4}},"58":{"start":{"line":190,"column":2},"end":{"line":190,"column":41}},"59":{"start":{"line":191,"column":66},"end":{"line":191,"column":78}},"60":{"start":{"line":192,"column":28},"end":{"line":192,"column":68}},"61":{"start":{"line":194,"column":22},"end":{"line":194,"column":50}},"62":{"start":{"line":195,"column":26},"end":{"line":195,"column":43}},"63":{"start":{"line":196,"column":22},"end":{"line":196,"column":69}},"64":{"start":{"line":197,"column":30},"end":{"line":199,"column":3}},"65":{"start":{"line":201,"column":2},"end":{"line":205,"column":3}},"66":{"start":{"line":202,"column":21},"end":{"line":202,"column":59}},"67":{"start":{"line":204,"column":21},"end":{"line":204,"column":25}},"68":{"start":{"line":207,"column":31},"end":{"line":207,"column":140}},"69":{"start":{"line":208,"column":31},"end":{"line":208,"column":150}},"70":{"start":{"line":209,"column":8},"end":{"line":209,"column":42}},"71":{"start":{"line":210,"column":8},"end":{"line":210,"column":57}},"72":{"start":{"line":211,"column":2},"end":{"line":214,"column":21}},"73":{"start":{"line":218,"column":0},"end":{"line":224,"column":1}}},"fnMap":{"0":{"name":"(anonymous_0)","decl":{"start":{"line":29,"column":1},"end":{"line":29,"column":2}},"loc":{"start":{"line":29,"column":25},"end":{"line":35,"column":5}},"line":29},"1":{"name":"(anonymous_1)","decl":{"start":{"line":36,"column":4},"end":{"line":36,"column":5}},"loc":{"start":{"line":36,"column":31},"end":{"line":48,"column":2}},"line":36},"2":{"name":"(anonymous_2)","decl":{"start":{"line":52,"column":4},"end":{"line":52,"column":5}},"loc":{"start":{"line":52,"column":28},"end":{"line":59,"column":5}},"line":52},"3":{"name":"(anonymous_3)","decl":{"start":{"line":60,"column":4},"end":{"line":60,"column":5}},"loc":{"start":{"line":60,"column":31},"end":{"line":88,"column":2}},"line":60},"4":{"name":"(anonymous_4)","decl":{"start":{"line":92,"column":4},"end":{"line":92,"column":5}},"loc":{"start":{"line":92,"column":28},"end":{"line":98,"column":5}},"line":92},"5":{"name":"(anonymous_5)","decl":{"start":{"line":99,"column":4},"end":{"line":99,"column":5}},"loc":{"start":{"line":99,"column":31},"end":{"line":146,"column":5}},"line":99},"6":{"name":"(anonymous_6)","decl":{"start":{"line":150,"column":1},"end":{"line":150,"column":2}},"loc":{"start":{"line":150,"column":25},"end":{"line":157,"column":2}},"line":150},"7":{"name":"(anonymous_7)","decl":{"start":{"line":158,"column":1},"end":{"line":158,"column":2}},"loc":{"start":{"line":158,"column":22},"end":{"line":177,"column":2}},"line":158},"8":{"name":"(anonymous_8)","decl":{"start":{"line":181,"column":1},"end":{"line":181,"column":2}},"loc":{"start":{"line":181,"column":25},"end":{"line":188,"column":2}},"line":181},"9":{"name":"(anonymous_9)","decl":{"start":{"line":189,"column":1},"end":{"line":189,"column":2}},"loc":{"start":{"line":189,"column":28},"end":{"line":215,"column":2}},"line":189}},"branchMap":{"0":{"loc":{"start":{"line":31,"column":12},"end":{"line":33,"column":76}},"type":"binary-expr","locations":[{"start":{"line":31,"column":12},"end":{"line":31,"column":82}},{"start":{"line":32,"column":12},"end":{"line":32,"column":86}},{"start":{"line":33,"column":12},"end":{"line":33,"column":76}}],"line":31},"1":{"loc":{"start":{"line":54,"column":12},"end":{"line":57,"column":101}},"type":"binary-expr","locations":[{"start":{"line":54,"column":12},"end":{"line":54,"column":82}},{"start":{"line":55,"column":13},"end":{"line":55,"column":85}},{"start":{"line":56,"column":4},"end":{"line":56,"column":75}},{"start":{"line":57,"column":12},"end":{"line":57,"column":101}}],"line":54},"2":{"loc":{"start":{"line":66,"column":2},"end":{"line":87,"column":3}},"type":"if","locations":[{"start":{"line":66,"column":2},"end":{"line":87,"column":3}},{"start":{"line":81,"column":7},"end":{"line":87,"column":3}}],"line":66},"3":{"loc":{"start":{"line":94,"column":12},"end":{"line":96,"column":74}},"type":"binary-expr","locations":[{"start":{"line":94,"column":12},"end":{"line":94,"column":82}},{"start":{"line":95,"column":6},"end":{"line":95,"column":80}},{"start":{"line":96,"column":6},"end":{"line":96,"column":74}}],"line":94},"4":{"loc":{"start":{"line":114,"column":2},"end":{"line":118,"column":3}},"type":"if","locations":[{"start":{"line":114,"column":2},"end":{"line":118,"column":3}},{"start":{},"end":{}}],"line":114},"5":{"loc":{"start":{"line":120,"column":2},"end":{"line":127,"column":3}},"type":"if","locations":[{"start":{"line":120,"column":2},"end":{"line":127,"column":3}},{"start":{},"end":{}}],"line":120},"6":{"loc":{"start":{"line":152,"column":3},"end":{"line":155,"column":106}},"type":"binary-expr","locations":[{"start":{"line":152,"column":3},"end":{"line":152,"column":73}},{"start":{"line":153,"column":4},"end":{"line":153,"column":76}},{"start":{"line":154,"column":4},"end":{"line":154,"column":75}},{"start":{"line":155,"column":3},"end":{"line":155,"column":106}}],"line":152},"7":{"loc":{"start":{"line":163,"column":2},"end":{"line":176,"column":3}},"type":"if","locations":[{"start":{"line":163,"column":2},"end":{"line":176,"column":3}},{"start":{"line":170,"column":7},"end":{"line":176,"column":3}}],"line":163},"8":{"loc":{"start":{"line":183,"column":3},"end":{"line":186,"column":102}},"type":"binary-expr","locations":[{"start":{"line":183,"column":3},"end":{"line":183,"column":73}},{"start":{"line":184,"column":4},"end":{"line":184,"column":76}},{"start":{"line":185,"column":4},"end":{"line":185,"column":75}},{"start":{"line":186,"column":12},"end":{"line":186,"column":102}}],"line":183},"9":{"loc":{"start":{"line":201,"column":2},"end":{"line":205,"column":3}},"type":"if","locations":[{"start":{"line":201,"column":2},"end":{"line":205,"column":3}},{"start":{"line":203,"column":9},"end":{"line":205,"column":3}}],"line":201},"10":{"loc":{"start":{"line":201,"column":6},"end":{"line":201,"column":99}},"type":"binary-expr","locations":[{"start":{"line":201,"column":6},"end":{"line":201,"column":44}},{"start":{"line":201,"column":48},"end":{"line":201,"column":99}}],"line":201}},"s":{"0":2,"1":2,"2":2,"3":2,"4":1,"5":1,"6":1,"7":1,"8":1,"9":1,"10":1,"11":1,"12":2,"13":2,"14":2,"15":2,"16":2,"17":2,"18":2,"19":1,"20":1,"21":1,"22":1,"23":2,"24":1,"25":4,"26":4,"27":4,"28":4,"29":4,"30":2,"31":2,"32":1,"33":1,"34":1,"35":1,"36":1,"37":1,"38":1,"39":1,"40":1,"41":1,"42":1,"43":1,"44":1,"45":1,"46":1,"47":2,"48":2,"49":2,"50":2,"51":2,"52":2,"53":1,"54":1,"55":1,"56":2,"57":2,"58":2,"59":2,"60":2,"61":2,"62":2,"63":2,"64":2,"65":2,"66":1,"67":1,"68":2,"69":2,"70":2,"71":2,"72":2,"73":2},"f":{"0":1,"1":1,"2":2,"3":2,"4":1,"5":4,"6":2,"7":2,"8":2,"9":2},"b":{"0":[1,1,1],"1":[2,2,1,2],"2":[1,1],"3":[1,1,1],"4":[2,2],"5":[1,1],"6":[2,2,1,2],"7":[1,1],"8":[2,2,1,2],"9":[1,1],"10":[2,1]},"_coverageSchema":"1a1c01bbd47fc00a2c39e90264f33305004495a9","hash":"9c12ca3a9fd2231b68e49264f3841f307883ac06"}
}
