TN:
SF:addressCollectionFlow.js
FN:8,(anonymous_0)
FN:15,(anonymous_1)
FN:59,(anonymous_2)
FN:67,(anonymous_3)
FN:134,(anonymous_4)
FN:142,(anonymous_5)
FN:242,(anonymous_6)
FN:250,(anonymous_7)
FN:313,(anonymous_8)
FN:321,(anonymous_9)
FN:362,(anonymous_10)
FNF:11
FNH:11
FNDA:1,(anonymous_0)
FNDA:2,(anonymous_1)
FNDA:2,(anonymous_2)
FNDA:5,(anonymous_3)
FNDA:2,(anonymous_4)
FNDA:9,(anonymous_5)
FNDA:2,(anonymous_6)
FNDA:5,(anonymous_7)
FNDA:3,(anonymous_8)
FNDA:2,(anonymous_9)
FNDA:3,(anonymous_10)
DA:1,2
DA:2,2
DA:3,2
DA:4,2
DA:7,2
DA:9,1
DA:16,2
DA:17,2
DA:18,2
DA:20,2
DA:22,2
DA:23,2
DA:25,2
DA:26,1
DA:28,1
DA:31,1
DA:33,1
DA:36,1
DA:37,1
DA:43,1
DA:44,1
DA:45,1
DA:46,1
DA:47,1
DA:58,2
DA:60,2
DA:68,5
DA:69,5
DA:70,5
DA:71,5
DA:73,5
DA:74,3
DA:75,3
DA:76,1
DA:78,2
DA:79,2
DA:80,2
DA:81,2
DA:82,2
DA:83,1
DA:84,1
DA:86,1
DA:88,2
DA:89,2
DA:90,2
DA:91,2
DA:92,2
DA:93,2
DA:98,2
DA:100,2
DA:101,1
DA:102,1
DA:103,1
DA:109,1
DA:110,1
DA:121,1
DA:133,2
DA:135,2
DA:143,9
DA:144,9
DA:145,9
DA:146,9
DA:158,9
DA:159,7
DA:160,2
DA:164,5
DA:166,5
DA:167,2
DA:168,2
DA:169,2
DA:172,3
DA:173,3
DA:174,1
DA:175,1
DA:179,2
DA:180,1
DA:181,1
DA:186,1
DA:187,1
DA:188,1
DA:194,2
DA:195,1
DA:196,1
DA:199,1
DA:200,1
DA:203,1
DA:204,1
DA:205,1
DA:206,1
DA:207,1
DA:209,1
DA:210,1
DA:211,1
DA:216,1
DA:217,1
DA:224,2
DA:225,2
DA:226,1
DA:227,1
DA:228,1
DA:241,2
DA:243,2
DA:251,5
DA:252,5
DA:253,5
DA:254,5
DA:266,5
DA:267,3
DA:268,1
DA:269,2
DA:270,2
DA:271,1
DA:273,1
DA:274,1
DA:276,1
DA:277,1
DA:278,1
DA:279,1
DA:281,1
DA:284,1
DA:285,1
DA:286,1
DA:291,1
DA:292,1
DA:299,2
DA:300,2
DA:301,1
DA:302,1
DA:303,1
DA:312,2
DA:314,3
DA:322,2
DA:323,2
DA:324,2
DA:326,2
DA:327,1
DA:338,1
DA:345,1
DA:346,1
DA:347,1
DA:361,2
DA:363,3
DA:370,3
DA:371,3
DA:372,3
DA:375,3
DA:376,3
DA:378,3
DA:379,1
DA:380,1
DA:381,1
DA:385,3
DA:387,1
DA:388,1
DA:389,1
DA:390,1
DA:393,1
DA:400,2
LF:158
LH:158
BRDA:10,0,0,1
BRDA:10,0,1,1
BRDA:10,0,2,1
BRDA:25,1,0,1
BRDA:25,1,1,1
BRDA:61,2,0,2
BRDA:61,2,1,2
BRDA:61,2,2,1
BRDA:61,2,3,2
BRDA:73,3,0,3
BRDA:73,3,1,2
BRDA:75,4,0,1
BRDA:75,4,1,2
BRDA:82,5,0,1
BRDA:82,5,1,1
BRDA:98,6,0,2
BRDA:98,6,1,0
BRDA:100,7,0,1
BRDA:100,7,1,1
BRDA:136,8,0,2
BRDA:136,8,1,2
BRDA:136,8,2,1
BRDA:136,8,3,2
BRDA:158,9,0,7
BRDA:158,9,1,2
BRDA:159,10,0,2
BRDA:159,10,1,5
BRDA:166,11,0,2
BRDA:166,11,1,3
BRDA:173,12,0,1
BRDA:173,12,1,2
BRDA:179,13,0,1
BRDA:179,13,1,1
BRDA:186,14,0,1
BRDA:186,14,1,0
BRDA:194,15,0,1
BRDA:194,15,1,1
BRDA:224,16,0,2
BRDA:224,16,1,0
BRDA:225,17,0,1
BRDA:225,17,1,1
BRDA:244,18,0,2
BRDA:244,18,1,2
BRDA:244,18,2,1
BRDA:244,18,3,2
BRDA:266,19,0,3
BRDA:266,19,1,2
BRDA:267,20,0,1
BRDA:267,20,1,2
BRDA:269,21,0,1
BRDA:269,21,1,1
BRDA:270,22,0,1
BRDA:270,22,1,1
BRDA:299,23,0,2
BRDA:299,23,1,0
BRDA:300,24,0,1
BRDA:300,24,1,1
BRDA:315,25,0,3
BRDA:315,25,1,3
BRDA:315,25,2,2
BRDA:315,25,3,2
BRDA:326,26,0,1
BRDA:326,26,1,1
BRDA:345,27,0,1
BRDA:345,27,1,0
BRDA:363,28,0,3
BRDA:363,28,1,0
BRDA:363,29,0,3
BRDA:363,29,1,3
BRDA:363,29,2,2
BRDA:363,29,3,0
BRDA:363,29,4,0
BRDA:363,29,5,3
BRDA:375,30,0,3
BRDA:375,30,1,3
BRDA:376,31,0,3
BRDA:376,31,1,3
BRDA:378,32,0,1
BRDA:378,32,1,2
BRDA:379,33,0,1
BRDA:379,33,1,0
BRDA:385,34,0,1
BRDA:385,34,1,2
BRDA:387,35,0,1
BRDA:387,35,1,0
BRF:85
BRH:75
end_of_record
TN:
SF:phoneNumberCollection.js
FN:9,(anonymous_0)
FN:14,(anonymous_1)
FNF:2
FNH:2
FNDA:1,(anonymous_0)
FNDA:6,(anonymous_1)
DA:1,2
DA:2,2
DA:8,2
DA:10,1
DA:15,6
DA:16,6
DA:17,6
DA:20,6
DA:21,1
DA:22,1
DA:23,1
DA:24,1
DA:30,5
DA:33,2
DA:34,1
DA:35,1
DA:36,1
DA:37,1
DA:38,1
DA:44,1
DA:45,1
DA:55,1
DA:62,3
DA:63,1
DA:72,1
DA:73,1
DA:83,2
DA:85,2
DA:86,1
DA:93,1
DA:94,1
DA:95,1
DA:96,1
DA:106,1
DA:107,1
DA:116,2
LF:36
LH:36
BRDA:10,0,0,1
BRDA:10,0,1,1
BRDA:20,1,0,1
BRDA:20,1,1,5
BRDA:20,2,0,6
BRDA:20,2,1,4
BRDA:30,3,0,2
BRDA:30,3,1,3
BRDA:30,4,0,5
BRDA:30,4,1,3
BRDA:33,5,0,1
BRDA:33,5,1,1
BRDA:62,6,0,1
BRDA:62,6,1,2
BRDA:62,7,0,3
BRDA:62,7,1,1
BRDA:83,8,0,2
BRDA:83,8,1,0
BRDA:83,9,0,2
BRDA:83,9,1,2
BRDA:85,10,0,1
BRDA:85,10,1,1
BRF:22
BRH:21
end_of_record
TN:
SF:helper\intentFlags.js
FNF:0
FNH:0
DA:5,1
DA:36,1
LF:2
LH:2
BRF:0
BRH:0
end_of_record
TN:
SF:informationalIntents\KnowledgeBaseIntent.js
FN:6,(anonymous_0)
FN:12,(anonymous_1)
FN:24,(anonymous_2)
FN:30,(anonymous_3)
FN:43,(anonymous_4)
FN:49,(anonymous_5)
FN:61,(anonymous_6)
FN:67,(anonymous_7)
FNF:8
FNH:8
FNDA:2,(anonymous_0)
FNDA:1,(anonymous_1)
FNDA:2,(anonymous_2)
FNDA:1,(anonymous_3)
FNDA:2,(anonymous_4)
FNDA:1,(anonymous_5)
FNDA:2,(anonymous_6)
FNDA:1,(anonymous_7)
DA:1,2
DA:5,2
DA:7,2
DA:13,1
DA:16,1
DA:19,1
DA:23,2
DA:25,2
DA:31,1
DA:34,1
DA:38,1
DA:42,2
DA:44,2
DA:50,1
DA:53,1
DA:56,1
DA:60,2
DA:62,2
DA:68,1
DA:71,1
DA:73,1
DA:78,2
LF:22
LH:22
BRDA:8,0,0,2
BRDA:8,0,1,2
BRDA:26,1,0,2
BRDA:26,1,1,2
BRDA:45,2,0,2
BRDA:45,2,1,2
BRDA:63,3,0,2
BRDA:63,3,1,2
BRF:8
BRH:8
end_of_record
TN:
SF:informationalIntents\checkCaseStatus.js
FN:10,(anonymous_0)
FN:16,(anonymous_1)
FNF:2
FNH:2
FNDA:1,(anonymous_0)
FNDA:4,(anonymous_1)
DA:1,2
DA:2,2
DA:9,2
DA:11,1
DA:17,4
DA:18,4
DA:19,4
DA:21,4
DA:22,1
DA:30,3
DA:31,1
DA:37,2
DA:38,2
DA:39,2
DA:41,2
DA:42,2
DA:43,2
DA:44,2
DA:45,2
DA:47,2
DA:48,2
DA:56,2
DA:61,2
DA:67,2
LF:24
LH:24
BRDA:12,0,0,1
BRDA:12,0,1,1
BRDA:21,1,0,1
BRDA:21,1,1,3
BRDA:30,2,0,1
BRDA:30,2,1,2
BRF:6
BRH:6
end_of_record
TN:
SF:informationalIntents\getCouncilDistrict.js
FN:8,(anonymous_0)
FN:15,(anonymous_1)
FN:61,(anonymous_2)
FN:68,(anonymous_3)
FN:103,(anonymous_4)
FN:126,(anonymous_5)
FN:136,(anonymous_6)
FNF:7
FNH:7
FNDA:1,(anonymous_0)
FNDA:4,(anonymous_1)
FNDA:1,(anonymous_2)
FNDA:3,(anonymous_3)
FNDA:1,(anonymous_4)
FNDA:2,(anonymous_5)
FNDA:2,(anonymous_6)
DA:1,2
DA:2,2
DA:3,2
DA:4,2
DA:7,2
DA:9,1
DA:16,4
DA:17,4
DA:18,4
DA:20,4
DA:21,2
DA:22,2
DA:23,2
DA:24,2
DA:25,2
DA:30,4
DA:31,1
DA:32,1
DA:33,1
DA:34,1
DA:35,1
DA:40,3
DA:41,3
DA:52,3
DA:60,2
DA:62,1
DA:69,3
DA:70,3
DA:71,3
DA:72,3
DA:75,3
DA:76,1
DA:79,2
DA:84,2
DA:85,2
DA:87,2
DA:89,2
DA:90,2
DA:96,1
DA:98,1
DA:100,2
DA:101,2
DA:102,2
DA:103,1
DA:104,1
DA:105,1
DA:106,1
DA:107,1
DA:110,1
DA:111,1
DA:115,3
DA:116,3
DA:117,3
DA:125,2
DA:127,2
DA:128,2
DA:129,2
DA:130,2
DA:137,2
DA:138,2
DA:140,2
DA:141,1
DA:150,1
DA:151,1
DA:152,1
DA:163,1
DA:172,2
DA:283,2
LF:68
LH:68
BRDA:10,0,0,1
BRDA:10,0,1,1
BRDA:10,0,2,1
BRDA:20,1,0,2
BRDA:20,1,1,2
BRDA:22,2,0,2
BRDA:22,2,1,0
BRDA:30,3,0,1
BRDA:30,3,1,3
BRDA:30,4,0,4
BRDA:30,4,1,2
BRDA:63,5,0,1
BRDA:63,5,1,1
BRDA:63,5,2,1
BRDA:72,6,0,2
BRDA:72,6,1,1
BRDA:75,7,0,1
BRDA:75,7,1,2
BRDA:75,8,0,3
BRDA:75,8,1,2
BRDA:131,9,0,2
BRDA:131,9,1,2
BRDA:131,9,2,1
BRDA:131,9,3,2
BRDA:140,10,0,1
BRDA:140,10,1,1
BRDA:150,11,0,1
BRDA:150,11,1,0
BRF:28
BRH:26
end_of_record
TN:
SF:informationalIntents\getPoliceBeat.js
FN:8,(anonymous_0)
FN:15,(anonymous_1)
FN:61,(anonymous_2)
FN:68,(anonymous_3)
FN:102,(anonymous_4)
FN:124,(anonymous_5)
FN:134,(anonymous_6)
FNF:7
FNH:7
FNDA:1,(anonymous_0)
FNDA:4,(anonymous_1)
FNDA:1,(anonymous_2)
FNDA:3,(anonymous_3)
FNDA:1,(anonymous_4)
FNDA:2,(anonymous_5)
FNDA:2,(anonymous_6)
DA:1,2
DA:2,2
DA:3,2
DA:4,2
DA:7,2
DA:9,1
DA:16,4
DA:17,4
DA:18,4
DA:20,4
DA:21,2
DA:22,2
DA:23,2
DA:24,2
DA:25,2
DA:30,4
DA:31,1
DA:32,1
DA:33,1
DA:34,1
DA:35,1
DA:40,3
DA:41,3
DA:52,3
DA:60,2
DA:62,1
DA:69,3
DA:70,3
DA:71,3
DA:72,3
DA:75,3
DA:76,1
DA:79,2
DA:84,2
DA:85,2
DA:87,2
DA:89,2
DA:90,2
DA:96,1
DA:98,1
DA:100,2
DA:101,2
DA:102,2
DA:103,1
DA:104,1
DA:105,1
DA:108,1
DA:109,1
DA:113,3
DA:114,3
DA:115,3
DA:123,2
DA:125,2
DA:126,2
DA:127,2
DA:128,2
DA:135,2
DA:136,2
DA:138,2
DA:139,1
DA:148,1
DA:149,1
DA:150,1
DA:161,1
DA:170,2
DA:281,2
LF:66
LH:66
BRDA:10,0,0,1
BRDA:10,0,1,1
BRDA:10,0,2,1
BRDA:20,1,0,2
BRDA:20,1,1,2
BRDA:22,2,0,2
BRDA:22,2,1,0
BRDA:30,3,0,1
BRDA:30,3,1,3
BRDA:30,4,0,4
BRDA:30,4,1,2
BRDA:63,5,0,1
BRDA:63,5,1,1
BRDA:63,5,2,1
BRDA:72,6,0,2
BRDA:72,6,1,1
BRDA:75,7,0,1
BRDA:75,7,1,2
BRDA:75,8,0,3
BRDA:75,8,1,2
BRDA:129,9,0,2
BRDA:129,9,1,2
BRDA:129,9,2,1
BRDA:129,9,3,2
BRDA:138,10,0,1
BRDA:138,10,1,1
BRDA:148,11,0,1
BRDA:148,11,1,0
BRF:28
BRH:26
end_of_record
TN:
SF:informationalIntents\trashPickupDay.js
FN:8,(anonymous_0)
FN:15,(anonymous_1)
FN:61,(anonymous_2)
FN:68,(anonymous_3)
FN:157,(anonymous_4)
FN:174,(anonymous_5)
FN:184,(anonymous_6)
FNF:7
FNH:6
FNDA:1,(anonymous_0)
FNDA:3,(anonymous_1)
FNDA:4,(anonymous_2)
FNDA:5,(anonymous_3)
FNDA:0,(anonymous_4)
FNDA:4,(anonymous_5)
FNDA:2,(anonymous_6)
DA:1,2
DA:2,2
DA:3,2
DA:4,2
DA:7,2
DA:9,1
DA:16,3
DA:17,3
DA:18,3
DA:20,3
DA:21,2
DA:22,2
DA:23,2
DA:24,2
DA:25,2
DA:26,2
DA:27,2
DA:32,3
DA:33,1
DA:34,1
DA:35,1
DA:36,1
DA:37,1
DA:42,2
DA:43,2
DA:52,2
DA:60,2
DA:62,4
DA:69,5
DA:70,5
DA:71,5
DA:72,5
DA:75,5
DA:76,1
DA:77,1
DA:78,1
DA:79,1
DA:85,4
DA:86,4
DA:87,16
DA:88,4
DA:90,4
DA:92,3
DA:93,1
DA:94,1
DA:95,1
DA:96,1
DA:102,2
DA:103,2
DA:106,2
DA:107,2
DA:114,0
DA:115,0
DA:116,0
DA:117,0
DA:119,0
DA:120,0
DA:124,2
DA:132,2
DA:133,2
DA:134,2
DA:135,2
DA:137,2
DA:138,2
DA:140,2
DA:142,1
DA:143,1
DA:146,1
DA:147,1
DA:151,1
DA:156,3
DA:157,1
DA:158,1
DA:159,1
DA:160,1
DA:163,3
DA:164,3
DA:165,3
DA:173,2
DA:175,4
DA:176,4
DA:177,4
DA:178,4
DA:185,2
DA:186,2
DA:188,2
DA:189,1
DA:198,1
DA:199,1
DA:200,1
DA:209,1
DA:217,2
DA:223,2
LF:93
LH:87
BRDA:10,0,0,1
BRDA:10,0,1,1
BRDA:10,0,2,1
BRDA:20,1,0,2
BRDA:20,1,1,1
BRDA:22,2,0,2
BRDA:22,2,1,0
BRDA:32,3,0,1
BRDA:32,3,1,2
BRDA:32,4,0,3
BRDA:32,4,1,2
BRDA:63,5,0,4
BRDA:63,5,1,3
BRDA:63,5,2,2
BRDA:72,6,0,4
BRDA:72,6,1,1
BRDA:75,7,0,1
BRDA:75,7,1,4
BRDA:75,8,0,5
BRDA:75,8,1,5
BRDA:90,9,0,3
BRDA:90,9,1,1
BRDA:92,10,0,1
BRDA:92,10,1,2
BRDA:114,11,0,0
BRDA:114,11,1,0
BRDA:137,12,0,1
BRDA:137,12,1,1
BRDA:138,13,0,1
BRDA:138,13,1,1
BRDA:140,14,0,1
BRDA:140,14,1,1
BRDA:140,15,0,2
BRDA:140,15,1,1
BRDA:142,16,0,1
BRDA:142,16,1,0
BRDA:146,17,0,1
BRDA:146,17,1,0
BRDA:156,18,0,1
BRDA:156,18,1,2
BRDA:179,19,0,4
BRDA:179,19,1,4
BRDA:179,19,2,2
BRDA:179,19,3,3
BRDA:188,20,0,1
BRDA:188,20,1,1
BRDA:198,21,0,1
BRDA:198,21,1,0
BRF:48
BRH:42
end_of_record
TN:
SF:serviceRequestIntents\abandonedVehicle.js
FN:9,(anonymous_0)
FN:16,(anonymous_1)
FN:31,(anonymous_2)
FN:39,(anonymous_3)
FN:80,(anonymous_4)
FN:131,(anonymous_5)
FN:136,(anonymous_6)
FN:205,(anonymous_7)
FN:213,(anonymous_8)
FN:279,(anonymous_9)
FN:292,(anonymous_10)
FN:352,(anonymous_11)
FN:365,(anonymous_12)
FNF:13
FNH:13
FNDA:1,(anonymous_0)
FNDA:1,(anonymous_1)
FNDA:3,(anonymous_2)
FNDA:7,(anonymous_3)
FNDA:1,(anonymous_4)
FNDA:1,(anonymous_5)
FNDA:2,(anonymous_6)
FNDA:2,(anonymous_7)
FNDA:4,(anonymous_8)
FNDA:5,(anonymous_9)
FNDA:3,(anonymous_10)
FNDA:6,(anonymous_11)
FNDA:3,(anonymous_12)
DA:2,2
DA:3,2
DA:4,2
DA:5,2
DA:8,2
DA:10,1
DA:17,1
DA:18,1
DA:19,1
DA:21,1
DA:30,2
DA:32,3
DA:40,7
DA:41,7
DA:42,7
DA:43,7
DA:44,7
DA:54,7
DA:55,1
DA:60,6
DA:62,1
DA:63,1
DA:64,1
DA:69,5
DA:70,1
DA:73,1
DA:80,1
DA:81,1
DA:85,1
DA:86,1
DA:87,1
DA:93,4
DA:94,1
DA:95,1
DA:96,1
DA:102,3
DA:103,3
DA:104,3
DA:105,3
DA:106,9
DA:108,3
DA:109,1
DA:110,1
DA:111,2
DA:112,1
DA:113,1
DA:114,1
DA:115,1
DA:116,1
DA:119,3
DA:130,2
DA:132,1
DA:137,2
DA:138,2
DA:139,2
DA:140,2
DA:141,2
DA:144,2
DA:145,2
DA:146,2
DA:147,2
DA:148,2
DA:150,2
DA:151,2
DA:155,2
DA:158,2
DA:160,1
DA:161,1
DA:168,1
DA:170,1
DA:171,1
DA:173,1
DA:174,1
DA:184,1
DA:185,1
DA:186,1
DA:187,1
DA:189,1
DA:190,1
DA:191,1
DA:192,1
DA:194,1
DA:195,1
DA:196,1
DA:204,2
DA:206,2
DA:214,4
DA:215,4
DA:216,4
DA:218,4
DA:221,3
DA:222,3
DA:224,3
DA:225,1
DA:226,1
DA:227,1
DA:234,2
DA:235,1
DA:240,1
DA:241,1
DA:253,1
DA:266,1
DA:267,1
DA:268,1
DA:278,2
DA:280,5
DA:281,5
DA:282,5
DA:283,5
DA:285,5
DA:293,3
DA:294,3
DA:295,3
DA:296,3
DA:298,3
DA:299,1
DA:301,1
DA:302,1
DA:319,1
DA:320,1
DA:326,2
DA:328,2
DA:329,1
DA:330,1
DA:331,1
DA:332,1
DA:333,1
DA:340,1
DA:341,1
DA:351,2
DA:353,6
DA:354,6
DA:355,6
DA:356,6
DA:358,6
DA:366,3
DA:367,3
DA:368,3
DA:369,3
DA:371,3
DA:372,1
DA:373,1
DA:374,1
DA:375,1
DA:376,1
DA:377,1
DA:384,2
DA:385,2
DA:386,1
DA:387,1
DA:388,1
DA:389,1
DA:395,1
DA:396,1
DA:408,2
LF:155
LH:155
BRDA:11,0,0,1
BRDA:11,0,1,1
BRDA:11,0,2,1
BRDA:33,1,0,3
BRDA:33,1,1,3
BRDA:33,1,2,3
BRDA:54,2,0,1
BRDA:54,2,1,6
BRDA:60,3,0,1
BRDA:60,3,1,5
BRDA:69,4,0,1
BRDA:69,4,1,4
BRDA:93,5,0,1
BRDA:93,5,1,3
BRDA:93,6,0,4
BRDA:93,6,1,3
BRDA:93,6,2,2
BRDA:102,7,0,3
BRDA:102,7,1,0
BRDA:102,8,0,3
BRDA:102,8,1,2
BRDA:102,8,2,1
BRDA:106,9,0,6
BRDA:106,9,1,3
BRDA:108,10,0,1
BRDA:108,10,1,2
BRDA:111,11,0,1
BRDA:111,11,1,1
BRDA:114,12,0,1
BRDA:114,12,1,0
BRDA:132,13,0,1
BRDA:132,13,1,1
BRDA:132,13,2,1
BRDA:144,14,0,2
BRDA:144,14,1,1
BRDA:150,15,0,2
BRDA:150,15,1,0
BRDA:150,16,0,2
BRDA:150,16,1,2
BRDA:158,17,0,1
BRDA:158,17,1,1
BRDA:158,18,0,2
BRDA:158,18,1,1
BRDA:207,19,0,2
BRDA:207,19,1,2
BRDA:207,19,2,1
BRDA:207,19,3,1
BRDA:218,20,0,3
BRDA:218,20,1,1
BRDA:224,21,0,1
BRDA:224,21,1,2
BRDA:234,22,0,1
BRDA:234,22,1,1
BRDA:266,23,0,1
BRDA:266,23,1,0
BRDA:283,24,0,5
BRDA:283,24,1,4
BRDA:286,25,0,5
BRDA:286,25,1,5
BRDA:286,25,2,2
BRDA:286,25,3,4
BRDA:286,25,4,3
BRDA:296,26,0,3
BRDA:296,26,1,2
BRDA:298,27,0,1
BRDA:298,27,1,2
BRDA:326,28,0,2
BRDA:326,28,1,0
BRDA:328,29,0,1
BRDA:328,29,1,1
BRDA:356,30,0,6
BRDA:356,30,1,4
BRDA:359,31,0,6
BRDA:359,31,1,6
BRDA:359,31,2,2
BRDA:359,31,3,5
BRDA:359,31,4,4
BRDA:369,32,0,3
BRDA:369,32,1,2
BRDA:371,33,0,1
BRDA:371,33,1,2
BRDA:384,34,0,2
BRDA:384,34,1,0
BRDA:385,35,0,1
BRDA:385,35,1,1
BRF:85
BRH:79
end_of_record
TN:
SF:serviceRequestIntents\cloggedStormDrain.js
FN:6,(anonymous_0)
FN:13,(anonymous_1)
FN:29,(anonymous_2)
FN:37,(anonymous_3)
FN:69,(anonymous_4)
FN:76,(anonymous_5)
FN:115,(anonymous_6)
FN:123,(anonymous_7)
FN:146,(anonymous_8)
FN:154,(anonymous_9)
FNF:10
FNH:10
FNDA:1,(anonymous_0)
FNDA:1,(anonymous_1)
FNDA:2,(anonymous_2)
FNDA:2,(anonymous_3)
FNDA:1,(anonymous_4)
FNDA:3,(anonymous_5)
FNDA:2,(anonymous_6)
FNDA:2,(anonymous_7)
FNDA:2,(anonymous_8)
FNDA:3,(anonymous_9)
DA:1,1
DA:2,1
DA:3,1
DA:5,1
DA:7,1
DA:14,1
DA:15,1
DA:16,1
DA:17,1
DA:18,1
DA:19,1
DA:21,1
DA:28,1
DA:30,2
DA:38,2
DA:39,2
DA:40,2
DA:41,2
DA:43,2
DA:44,1
DA:53,1
DA:59,1
DA:60,1
DA:68,1
DA:70,1
DA:77,3
DA:78,3
DA:79,3
DA:81,3
DA:91,3
DA:92,1
DA:97,2
DA:98,1
DA:99,1
DA:100,1
DA:106,1
DA:107,1
DA:114,1
DA:116,2
DA:124,2
DA:125,2
DA:126,2
DA:128,2
DA:129,1
DA:136,1
DA:137,1
DA:145,1
DA:147,2
DA:155,3
DA:156,3
DA:157,3
DA:159,3
DA:160,3
DA:161,3
DA:162,3
DA:166,3
DA:167,1
DA:169,2
DA:172,3
DA:173,3
DA:174,3
DA:175,3
DA:176,3
DA:183,1
LF:64
LH:64
BRDA:8,0,0,1
BRDA:8,0,1,1
BRDA:8,0,2,1
BRDA:31,1,0,2
BRDA:31,1,1,2
BRDA:31,1,2,1
BRDA:31,1,3,2
BRDA:43,2,0,1
BRDA:43,2,1,1
BRDA:71,3,0,1
BRDA:71,3,1,1
BRDA:71,3,2,1
BRDA:91,4,0,1
BRDA:91,4,1,2
BRDA:97,5,0,1
BRDA:97,5,1,1
BRDA:117,6,0,2
BRDA:117,6,1,2
BRDA:117,6,2,1
BRDA:117,6,3,2
BRDA:128,7,0,1
BRDA:128,7,1,1
BRDA:148,8,0,2
BRDA:148,8,1,2
BRDA:148,8,2,1
BRDA:148,8,3,2
BRDA:166,9,0,1
BRDA:166,9,1,2
BRDA:166,10,0,3
BRDA:166,10,1,2
BRF:30
BRH:30
end_of_record
TN:
SF:serviceRequestIntents\foundLostDog.js
FN:29,(anonymous_0)
FN:36,(anonymous_1)
FN:52,(anonymous_2)
FN:60,(anonymous_3)
FN:92,(anonymous_4)
FN:99,(anonymous_5)
FN:150,(anonymous_6)
FN:158,(anonymous_7)
FN:181,(anonymous_8)
FN:189,(anonymous_9)
FNF:10
FNH:10
FNDA:1,(anonymous_0)
FNDA:1,(anonymous_1)
FNDA:2,(anonymous_2)
FNDA:2,(anonymous_3)
FNDA:1,(anonymous_4)
FNDA:4,(anonymous_5)
FNDA:2,(anonymous_6)
FNDA:2,(anonymous_7)
FNDA:2,(anonymous_8)
FNDA:2,(anonymous_9)
DA:24,2
DA:25,2
DA:26,2
DA:28,2
DA:30,1
DA:37,1
DA:38,1
DA:39,1
DA:40,1
DA:41,1
DA:42,1
DA:44,1
DA:51,2
DA:53,2
DA:61,2
DA:62,2
DA:63,2
DA:64,2
DA:66,2
DA:67,1
DA:76,1
DA:82,1
DA:83,1
DA:91,2
DA:93,1
DA:100,4
DA:101,4
DA:102,4
DA:104,4
DA:114,4
DA:115,2
DA:120,2
DA:121,1
DA:122,1
DA:123,1
DA:129,1
DA:130,1
DA:131,1
DA:132,1
DA:133,1
DA:134,1
DA:135,1
DA:136,1
DA:137,1
DA:138,1
DA:139,1
DA:141,1
DA:149,2
DA:151,2
DA:159,2
DA:160,2
DA:161,2
DA:163,2
DA:164,1
DA:171,1
DA:172,1
DA:180,2
DA:182,2
DA:190,2
DA:191,2
DA:192,2
DA:194,2
DA:195,2
DA:196,2
DA:197,2
DA:201,2
DA:202,1
DA:204,1
DA:207,2
DA:208,2
DA:209,2
DA:210,2
DA:211,2
DA:218,2
LF:74
LH:74
BRDA:31,0,0,1
BRDA:31,0,1,1
BRDA:31,0,2,1
BRDA:54,1,0,2
BRDA:54,1,1,2
BRDA:54,1,2,1
BRDA:54,1,3,2
BRDA:66,2,0,1
BRDA:66,2,1,1
BRDA:94,3,0,1
BRDA:94,3,1,1
BRDA:94,3,2,1
BRDA:114,4,0,2
BRDA:114,4,1,2
BRDA:120,5,0,1
BRDA:120,5,1,1
BRDA:152,6,0,2
BRDA:152,6,1,2
BRDA:152,6,2,1
BRDA:152,6,3,2
BRDA:163,7,0,1
BRDA:163,7,1,1
BRDA:183,8,0,2
BRDA:183,8,1,2
BRDA:183,8,2,1
BRDA:183,8,3,2
BRDA:201,9,0,1
BRDA:201,9,1,1
BRDA:201,10,0,2
BRDA:201,10,1,1
BRF:30
BRH:30
end_of_record
